This is pdfTeX, Version 3.1415926-2.5-1.40.14 (TeX Live 2013/Debian) (format=prv_extending_limits 2015.10.7)  7 OCT 2015 17:44
entering extended mode
 restricted \write18 enabled.
 %&-line parsing enabled.
**&prv_extending_limits _region_.tex
(./_region_.tex
LaTeX2e <2011/06/27>
Babel <3.9h> and hyphenation patterns for 2 languages loaded.
CUSTOMISED FORMAT. Preloaded files:
        .
 article.cls    2007/10/19 v1.4h Standard LaTeX document class
  size12.clo    2007/10/19 v1.4h Standard LaTeX file (size option)
 amsmath.sty    2013/01/14 v2.14 AMS math features
 amstext.sty    2000/06/29 v2.01
  amsgen.sty    1999/11/30 v2.0
  amsbsy.sty    1999/11/29 v1.2d
  amsopn.sty    1999/12/14 v2.01 operator names
 amssymb.sty    2013/01/14 v3.01 AMS font symbols
amsfonts.sty    2013/01/14 v3.01 Basic AMSFonts support
 authblk.sty    2001/02/27 1.3 (PWD)
inputenc.sty    2008/03/30 v1.1d Input encoding file
    utf8.def    2008/04/05 v1.1m UTF-8 support for inputenc
   t1enc.dfu    2008/04/05 v1.1m UTF-8 support for inputenc
  ot1enc.dfu    2008/04/05 v1.1m UTF-8 support for inputenc
  omsenc.dfu    2008/04/05 v1.1m UTF-8 support for inputenc
     url.sty    2013/09/16  ver 3.4  Verb mode for urls, etc.
hyperref.sty    2012/11/06 v6.83m Hypertext links for LaTeX
hobsub-hyperref.sty    2012/05/28 v1.13 Bundle oberdiek, subset hyperref (HO)
hobsub-generic.sty    2012/05/28 v1.13 Bundle oberdiek, subset generic (HO)
  hobsub.sty    2012/05/28 v1.13 Construct package bundles (HO)
infwarerr.sty    2010/04/08 v1.3 Providing info/warning/error messages (HO)
 ltxcmds.sty    2011/11/09 v1.22 LaTeX kernel commands for general use (HO)
ifluatex.sty    2010/03/01 v1.3 Provides the ifluatex switch (HO)
  ifvtex.sty    2010/03/01 v1.5 Detect VTeX and its facilities (HO)
 intcalc.sty    2007/09/27 v1.1 Expandable calculations with integers (HO)
   ifpdf.sty    2011/01/30 v2.3 Provides the ifpdf switch (HO)
etexcmds.sty    2011/02/16 v1.5 Avoid name clashes with e-TeX commands (HO)
kvsetkeys.sty    2012/04/25 v1.16 Key value parser (HO)
kvdefinekeys.sty    2011/04/07 v1.3 Define keys (HO)
pdftexcmds.sty    2011/11/29 v0.20 Utility functions of pdfTeX for LuaTeX (HO)
pdfescape.sty    2011/11/25 v1.13 Implements pdfTeX's escape features (HO)
bigintcalc.sty    2012/04/08 v1.3 Expandable calculations on big integers (HO)
  bitset.sty    2011/01/30 v1.1 Handle bit-vector datatype (HO)
uniquecounter.sty    2011/01/30 v1.2 Provide unlimited unique counter (HO)
letltxmacro.sty    2010/09/02 v1.4 Let assignment for LaTeX macros (HO)
 hopatch.sty    2012/05/28 v1.2 Wrapper for package hooks (HO)
xcolor-patch.sty    2011/01/30 xcolor patch
atveryend.sty    2011/06/30 v1.8 Hooks at the very end of document (HO)
atbegshi.sty    2011/10/05 v1.16 At begin shipout hook (HO)
refcount.sty    2011/10/16 v3.4 Data extraction from label references (HO)
 hycolor.sty    2011/01/30 v1.7 Color options for hyperref/bookmark (HO)
  keyval.sty    1999/03/16 v1.13 key=value parser (DPC)
 ifxetex.sty    2010/09/12 v0.6 Provides ifxetex conditional
 auxhook.sty    2011/03/04 v1.3 Hooks for auxiliary files (HO)
kvoptions.sty    2011/06/30 v3.11 Key value format for package options (HO)
  pd1enc.def    2012/11/06 v6.83m Hyperref: PDFDocEncoding definition (HO)
hyperref.cfg    2002/06/06 v1.2 hyperref configuration of TeXLive
  hdvips.def    2012/11/06 v6.83m Hyperref driver for dvips
 pdfmark.def    2012/11/06 v6.83m Hyperref definitions for pdfmark specials
rerunfilecheck.sty    2011/04/15 v1.7 Rerun checks for auxiliary files (HO)
graphicx.sty    1999/02/16 v1.0f Enhanced LaTeX Graphics (DPC,SPQR)
graphics.sty    2009/02/05 v1.0o Standard LaTeX Graphics (DPC,SPQR)
    trig.sty    1999/03/16 v1.09 sin cos tan (DPC)
graphics.cfg    2010/04/23 v1.9 graphics configuration of TeX Live
   dvips.def    1999/02/16 v3.0i Driver-dependant file (DPC,SPQR)
  xcolor.sty    2007/01/21 v2.11 LaTeX color extensions (UK)
   color.cfg    2007/01/18 v1.5 color configuration of teTeX/TeXLive
    umsa.fd    2013/01/14 v3.01 AMS symbols A
    umsb.fd    2013/01/14 v3.01 AMS symbols B
        .
No file _region_.aux.
LaTeX Font Info:    Checking defaults for OML/cmm/m/it on input line 20.
LaTeX Font Info:    ... okay on input line 20.
LaTeX Font Info:    Checking defaults for T1/cmr/m/n on input line 20.
LaTeX Font Info:    ... okay on input line 20.
LaTeX Font Info:    Checking defaults for OT1/cmr/m/n on input line 20.
LaTeX Font Info:    ... okay on input line 20.
LaTeX Font Info:    Checking defaults for OMS/cmsy/m/n on input line 20.
LaTeX Font Info:    ... okay on input line 20.
LaTeX Font Info:    Checking defaults for OMX/cmex/m/n on input line 20.
LaTeX Font Info:    ... okay on input line 20.
LaTeX Font Info:    Checking defaults for U/cmr/m/n on input line 20.
LaTeX Font Info:    ... okay on input line 20.
LaTeX Font Info:    Checking defaults for PD1/pdf/m/n on input line 20.
LaTeX Font Info:    ... okay on input line 20.
(/home/mct1g11/.emacs.d/elpa/auctex-11.87.4/latex/preview.sty
Package: preview 2010-02-14 CVS-1.126 (AUCTeX/preview-latex)

(/home/mct1g11/.emacs.d/elpa/auctex-11.87.4/latex/prtightpage.def
\PreviewBorder=\dimen118
)
(/home/mct1g11/.emacs.d/elpa/auctex-11.87.4/latex/prauctex.def
No auxiliary output files.


\hbadness=\count113
\hfuzz=\dimen119
(/home/mct1g11/.emacs.d/elpa/auctex-11.87.4/latex/prauctex.cfg))
(/home/mct1g11/.emacs.d/elpa/auctex-11.87.4/latex/prfootnotes.def)
\pr@snippet=\count114
\pr@box=\box29
\pr@output=\toks25

Preview: Fontsize 12pt
)
! Missing = inserted for \ifnum.
<to be read again> 
                   -
l.20 \begin{document}
                     
I was expecting to see `<', `=', or `>'. Didn't.

\AtBeginShipoutBox=\box30
Package hyperref Info: Link coloring OFF on input line 20.
(/usr/share/texlive/texmf-dist/tex/latex/hyperref/nameref.sty
Package: nameref 2012/10/27 v2.43 Cross-referencing by name of section

(/usr/share/texlive/texmf-dist/tex/generic/oberdiek/gettitlestring.sty
Package: gettitlestring 2010/12/03 v1.4 Cleanup title references (HO)
)
\c@section@level=\count115
)
LaTeX Info: Redefining \ref on input line 20.
LaTeX Info: Redefining \pageref on input line 20.
LaTeX Info: Redefining \nameref on input line 20.


Package hyperref Warning: Rerun to get /PageLabels entry.

 !name(extending_limits.tex) !offset(-3) 
! Preview: Snippet 1 started.
<-><->
      
l.27 Our 95\% CL limits from checkmate with 10 $
                                                fb^{-1}$ at 8 TeV is $\sim$ ...

Not a real error.

Preview: Tightpage -32891 -32891 32891 32891
! Preview: Snippet 1 ended.(623265+152916x1535501).
<-><->
      
l.27 ...CL limits from checkmate with 10 $fb^{-1}$
                                                   at 8 TeV is $\sim$ 2 $pb$.
Not a real error.

[1]
! Preview: Snippet 2 started.
<-><->
      
l.27 ... checkmate with 10 $fb^{-1}$ at 8 TeV is $
                                                  \sim$ 2 $pb$.
Not a real error.

! Preview: Snippet 2 ended.(288522+0x611671).
<-><->
      
l.27 ...kmate with 10 $fb^{-1}$ at 8 TeV is $\sim$
                                                   2 $pb$.
Not a real error.

[2]
! Preview: Snippet 3 started.
<-><->
      
l.27 ...e with 10 $fb^{-1}$ at 8 TeV is $\sim$ 2 $
                                                  pb$.
Not a real error.

! Preview: Snippet 3 ended.(546132+152916x713879).
<-><->
      
l.27 ...ith 10 $fb^{-1}$ at 8 TeV is $\sim$ 2 $pb$
                                                  .
Not a real error.

[3]
! Preview: Snippet 4 started.
<-><->
      
l.29 ...need to find how the background changes, $
                                                  B \to B^{\prime}$, for new...

Not a real error.

! Preview: Snippet 4 ended.(576662+0x2656559).
<-><->
      
l.29 ...the background changes, $B \to B^{\prime}$
                                                  , for new energies/luminos...

Not a real error.

[4]
! Preview: Snippet 5 started.
<-><->
      
l.29 ... we can find how the signal must change, $
                                                  S \to S^{\prime}$, such th...

Not a real error.

! Preview: Snippet 5 ended.(576662+0x2445935).
<-><->
      
l.29 ...the signal must change, $S \to S^{\prime}$
                                                  , such that the significan...

Not a real error.

[5]
! Preview: Snippet 6 started.
<-><->
      
l.29 ...S^{\prime}$, such that the significance, $
                                                  \left(\tfrac{S}{\sqrt{B}} ...

Not a real error.

! Preview: Snippet 6 ended.(904403+511188x2006872).
<-><->
      
l.29 ...cance, $\left(\tfrac{S}{\sqrt{B}} \right)$
                                                   is unchanged (at the leve...

Not a real error.

[6]
! Preview: Snippet 7 started.
<-><->
      
l.33 \begin{equation}
                     
Not a real error.

! Preview: Snippet 7 ended.(1111584+0x32631896).
<-><->
      
l.35 \end{equation}
                   
Not a real error.

[7]
! Preview: Snippet 8 started.
<-><->
      
l.36 where $
            B$ is the original background, $B^{\prime}$ is the background at...

Not a real error.

! Preview: Snippet 8 ended.(537395+0x624680).
<-><->
      
l.36 where $B$
               is the original background, $B^{\prime}$ is the background at...

Not a real error.

[8]
! Preview: Snippet 9 started.
<-><->
      
l.36 where $B$ is the original background, $
                                            B^{\prime}$ is the background at...

Not a real error.

! Preview: Snippet 9 ended.(576662+0x808545).
<-><->
      
l.36 ...$ is the original background, $B^{\prime}$
                                                   is the background at the ...

Not a real error.

[9]
! Preview: Snippet 10 started.
<-><->
      
l.36 ... background at the new enrgy/luminosity, $
                                                  S$ is the original signal ...

Not a real error.

! Preview: Snippet 10 ended.(537395+0x519368).
<-><->
      
l.36 ...ackground at the new enrgy/luminosity, $S$
                                                   is the original signal ru...

Not a real error.

[10]
! Preview: Snippet 11 started.
<-><->
      
l.36 ...ginal signal ruled out at eh 95\% CL and $
                                                  S^{\prime}$ is the new sig...

Not a real error.

! Preview: Snippet 11 ended.(576662+0x703233).
<-><->
      
l.36 ...l ruled out at eh 95\% CL and $S^{\prime}$
                                                   is the new signal ruled o...

Not a real error.

[11]
! Preview: Snippet 12 started.
<-><->
      
l.38 In our case, we have that with 10 $
                                        fb^{-1}$ of integrated luminosity,\\
Not a real error.

! Preview: Snippet 12 ended.(623265+152916x1535501).
<-><->
      
l.38 In our case, we have that with 10 $fb^{-1}$
                                                 of integrated luminosity,\\
Not a real error.

[12]
! Preview: Snippet 13 started.
<-><->
      
l.39 $
      \sigma_{8 TeV} = 8 $ fb\\
Not a real error.

! Preview: Snippet 13 ended.(506811+117964x3278119).
<-><->
      
l.39 $\sigma_{8 TeV} = 8 $
                           fb\\
Not a real error.

[13]
! Preview: Snippet 14 started.
<-><->
      
l.40 $
      \sigma_{13 TeV} = 50$ fb\\
Not a real error.

! Preview: Snippet 14 ended.(506811+117964x3941671).
<-><->
      
l.40 $\sigma_{13 TeV} = 50$
                            fb\\
Not a real error.

[14]  !name(extending_limits.tex) !offset(-5) 
Package atveryend Info: Empty hook `BeforeClearDocument' on input line 46.
Package atveryend Info: Empty hook `AfterLastShipout' on input line 46.
Package atveryend Info: Empty hook `AtVeryEndDocument' on input line 46.
Package atveryend Info: Empty hook `AtEndAfterFileList' on input line 46.
Package atveryend Info: Empty hook `AtVeryVeryEnd' on input line 46.
 ) 
Here is how much of TeX's memory you used:
 304 strings out of 489025
 4639 string characters out of 6098250
 174258 words of memory out of 5000000
 9438 multiletter control sequences out of 15000+600000
 10371 words of font info for 39 fonts, out of 8000000 for 9000
 14 hyphenation exceptions out of 8191
 28i,7n,22p,374b,366s stack positions out of 5000i,500n,10000p,200000b,80000s

Output written on _region_.dvi (14 pages, 3832 bytes).
