This is pdfTeX, Version 3.1415926-2.5-1.40.14 (TeX Live 2013) (format=pdflatex 2017.4.12)  10 JUL 2017 22:42
entering extended mode
 restricted \write18 enabled.
 %&-line parsing enabled.
**diff1
(./diff1.tex
LaTeX2e <2011/06/27>
Babel <v3.8m> and hyphenation patterns for english, dumylang, nohyphenation, uk
rainian, russian, bulgarian, loaded.
(/usr/share/texlive/texmf-dist/tex/latex/base/article.cls
Document Class: article 2007/10/19 v1.4h Standard LaTeX document class
(/usr/share/texlive/texmf-dist/tex/latex/base/size12.clo
File: size12.clo 2007/10/19 v1.4h Standard LaTeX file (size option)
)
\c@part=\count79
\c@section=\count80
\c@subsection=\count81
\c@subsubsection=\count82
\c@paragraph=\count83
\c@subparagraph=\count84
\c@figure=\count85
\c@table=\count86
\abovecaptionskip=\skip41
\belowcaptionskip=\skip42
\bibindent=\dimen102
)
(/usr/share/texlive/texmf-dist/tex/latex/amsmath/amsmath.sty
Package: amsmath 2013/01/14 v2.14 AMS math features
\@mathmargin=\skip43

For additional information on amsmath, use the `?' option.
(/usr/share/texlive/texmf-dist/tex/latex/amsmath/amstext.sty
Package: amstext 2000/06/29 v2.01

(/usr/share/texlive/texmf-dist/tex/latex/amsmath/amsgen.sty
File: amsgen.sty 1999/11/30 v2.0
\@emptytoks=\toks14
\ex@=\dimen103
))
(/usr/share/texlive/texmf-dist/tex/latex/amsmath/amsbsy.sty
Package: amsbsy 1999/11/29 v1.2d
\pmbraise@=\dimen104
)
(/usr/share/texlive/texmf-dist/tex/latex/amsmath/amsopn.sty
Package: amsopn 1999/12/14 v2.01 operator names
)
\inf@bad=\count87
LaTeX Info: Redefining \frac on input line 210.
\uproot@=\count88
\leftroot@=\count89
LaTeX Info: Redefining \overline on input line 306.
\classnum@=\count90
\DOTSCASE@=\count91
LaTeX Info: Redefining \ldots on input line 378.
LaTeX Info: Redefining \dots on input line 381.
LaTeX Info: Redefining \cdots on input line 466.
\Mathstrutbox@=\box26
\strutbox@=\box27
\big@size=\dimen105
LaTeX Font Info:    Redeclaring font encoding OML on input line 566.
LaTeX Font Info:    Redeclaring font encoding OMS on input line 567.
\macc@depth=\count92
\c@MaxMatrixCols=\count93
\dotsspace@=\muskip10
\c@parentequation=\count94
\dspbrk@lvl=\count95
\tag@help=\toks15
\row@=\count96
\column@=\count97
\maxfields@=\count98
\andhelp@=\toks16
\eqnshift@=\dimen106
\alignsep@=\dimen107
\tagshift@=\dimen108
\tagwidth@=\dimen109
\totwidth@=\dimen110
\lineht@=\dimen111
\@envbody=\toks17
\multlinegap=\skip44
\multlinetaggap=\skip45
\mathdisplay@stack=\toks18
LaTeX Info: Redefining \[ on input line 2665.
LaTeX Info: Redefining \] on input line 2666.
)
(/usr/share/texlive/texmf-dist/tex/latex/amsfonts/amssymb.sty
Package: amssymb 2013/01/14 v3.01 AMS font symbols

(/usr/share/texlive/texmf-dist/tex/latex/amsfonts/amsfonts.sty
Package: amsfonts 2013/01/14 v3.01 Basic AMSFonts support
\symAMSa=\mathgroup4
\symAMSb=\mathgroup5
LaTeX Font Info:    Overwriting math alphabet `\mathfrak' in version `bold'
(Font)                  U/euf/m/n --> U/euf/b/n on input line 106.
))
(/usr/share/texlive/texmf-dist/tex/latex/jknapltx/mathrsfs.sty
Package: mathrsfs 1996/01/01 Math RSFS package v1.0 (jk)
\symrsfs=\mathgroup6
) (./braket.sty)
(/usr/share/texlive/texmf-dist/tex/latex/preprint/authblk.sty
Package: authblk 2009/11/18 1.3 (PWD)
\affilsep=\skip46
\@affilsep=\skip47
\c@Maxaffil=\count99
\c@authors=\count100
\c@affil=\count101
)
(/usr/share/texlive/texmf-dist/tex/latex/base/inputenc.sty
Package: inputenc 2008/03/30 v1.1d Input encoding file
\inpenc@prehook=\toks19
\inpenc@posthook=\toks20

(/usr/share/texlive/texmf-dist/tex/latex/base/utf8.def
File: utf8.def 2008/04/05 v1.1m UTF-8 support for inputenc
Now handling font encoding OML ...
... no UTF-8 mapping file for font encoding OML
Now handling font encoding T1 ...
... processing UTF-8 mapping file for font encoding T1

(/usr/share/texlive/texmf-dist/tex/latex/base/t1enc.dfu
File: t1enc.dfu 2008/04/05 v1.1m UTF-8 support for inputenc
   defining Unicode char U+00A1 (decimal 161)
   defining Unicode char U+00A3 (decimal 163)
   defining Unicode char U+00AB (decimal 171)
   defining Unicode char U+00BB (decimal 187)
   defining Unicode char U+00BF (decimal 191)
   defining Unicode char U+00C0 (decimal 192)
   defining Unicode char U+00C1 (decimal 193)
   defining Unicode char U+00C2 (decimal 194)
   defining Unicode char U+00C3 (decimal 195)
   defining Unicode char U+00C4 (decimal 196)
   defining Unicode char U+00C5 (decimal 197)
   defining Unicode char U+00C6 (decimal 198)
   defining Unicode char U+00C7 (decimal 199)
   defining Unicode char U+00C8 (decimal 200)
   defining Unicode char U+00C9 (decimal 201)
   defining Unicode char U+00CA (decimal 202)
   defining Unicode char U+00CB (decimal 203)
   defining Unicode char U+00CC (decimal 204)
   defining Unicode char U+00CD (decimal 205)
   defining Unicode char U+00CE (decimal 206)
   defining Unicode char U+00CF (decimal 207)
   defining Unicode char U+00D0 (decimal 208)
   defining Unicode char U+00D1 (decimal 209)
   defining Unicode char U+00D2 (decimal 210)
   defining Unicode char U+00D3 (decimal 211)
   defining Unicode char U+00D4 (decimal 212)
   defining Unicode char U+00D5 (decimal 213)
   defining Unicode char U+00D6 (decimal 214)
   defining Unicode char U+00D8 (decimal 216)
   defining Unicode char U+00D9 (decimal 217)
   defining Unicode char U+00DA (decimal 218)
   defining Unicode char U+00DB (decimal 219)
   defining Unicode char U+00DC (decimal 220)
   defining Unicode char U+00DD (decimal 221)
   defining Unicode char U+00DE (decimal 222)
   defining Unicode char U+00DF (decimal 223)
   defining Unicode char U+00E0 (decimal 224)
   defining Unicode char U+00E1 (decimal 225)
   defining Unicode char U+00E2 (decimal 226)
   defining Unicode char U+00E3 (decimal 227)
   defining Unicode char U+00E4 (decimal 228)
   defining Unicode char U+00E5 (decimal 229)
   defining Unicode char U+00E6 (decimal 230)
   defining Unicode char U+00E7 (decimal 231)
   defining Unicode char U+00E8 (decimal 232)
   defining Unicode char U+00E9 (decimal 233)
   defining Unicode char U+00EA (decimal 234)
   defining Unicode char U+00EB (decimal 235)
   defining Unicode char U+00EC (decimal 236)
   defining Unicode char U+00ED (decimal 237)
   defining Unicode char U+00EE (decimal 238)
   defining Unicode char U+00EF (decimal 239)
   defining Unicode char U+00F0 (decimal 240)
   defining Unicode char U+00F1 (decimal 241)
   defining Unicode char U+00F2 (decimal 242)
   defining Unicode char U+00F3 (decimal 243)
   defining Unicode char U+00F4 (decimal 244)
   defining Unicode char U+00F5 (decimal 245)
   defining Unicode char U+00F6 (decimal 246)
   defining Unicode char U+00F8 (decimal 248)
   defining Unicode char U+00F9 (decimal 249)
   defining Unicode char U+00FA (decimal 250)
   defining Unicode char U+00FB (decimal 251)
   defining Unicode char U+00FC (decimal 252)
   defining Unicode char U+00FD (decimal 253)
   defining Unicode char U+00FE (decimal 254)
   defining Unicode char U+00FF (decimal 255)
   defining Unicode char U+0102 (decimal 258)
   defining Unicode char U+0103 (decimal 259)
   defining Unicode char U+0104 (decimal 260)
   defining Unicode char U+0105 (decimal 261)
   defining Unicode char U+0106 (decimal 262)
   defining Unicode char U+0107 (decimal 263)
   defining Unicode char U+010C (decimal 268)
   defining Unicode char U+010D (decimal 269)
   defining Unicode char U+010E (decimal 270)
   defining Unicode char U+010F (decimal 271)
   defining Unicode char U+0110 (decimal 272)
   defining Unicode char U+0111 (decimal 273)
   defining Unicode char U+0118 (decimal 280)
   defining Unicode char U+0119 (decimal 281)
   defining Unicode char U+011A (decimal 282)
   defining Unicode char U+011B (decimal 283)
   defining Unicode char U+011E (decimal 286)
   defining Unicode char U+011F (decimal 287)
   defining Unicode char U+0130 (decimal 304)
   defining Unicode char U+0131 (decimal 305)
   defining Unicode char U+0132 (decimal 306)
   defining Unicode char U+0133 (decimal 307)
   defining Unicode char U+0139 (decimal 313)
   defining Unicode char U+013A (decimal 314)
   defining Unicode char U+013D (decimal 317)
   defining Unicode char U+013E (decimal 318)
   defining Unicode char U+0141 (decimal 321)
   defining Unicode char U+0142 (decimal 322)
   defining Unicode char U+0143 (decimal 323)
   defining Unicode char U+0144 (decimal 324)
   defining Unicode char U+0147 (decimal 327)
   defining Unicode char U+0148 (decimal 328)
   defining Unicode char U+014A (decimal 330)
   defining Unicode char U+014B (decimal 331)
   defining Unicode char U+0150 (decimal 336)
   defining Unicode char U+0151 (decimal 337)
   defining Unicode char U+0152 (decimal 338)
   defining Unicode char U+0153 (decimal 339)
   defining Unicode char U+0154 (decimal 340)
   defining Unicode char U+0155 (decimal 341)
   defining Unicode char U+0158 (decimal 344)
   defining Unicode char U+0159 (decimal 345)
   defining Unicode char U+015A (decimal 346)
   defining Unicode char U+015B (decimal 347)
   defining Unicode char U+015E (decimal 350)
   defining Unicode char U+015F (decimal 351)
   defining Unicode char U+0160 (decimal 352)
   defining Unicode char U+0161 (decimal 353)
   defining Unicode char U+0162 (decimal 354)
   defining Unicode char U+0163 (decimal 355)
   defining Unicode char U+0164 (decimal 356)
   defining Unicode char U+0165 (decimal 357)
   defining Unicode char U+016E (decimal 366)
   defining Unicode char U+016F (decimal 367)
   defining Unicode char U+0170 (decimal 368)
   defining Unicode char U+0171 (decimal 369)
   defining Unicode char U+0178 (decimal 376)
   defining Unicode char U+0179 (decimal 377)
   defining Unicode char U+017A (decimal 378)
   defining Unicode char U+017B (decimal 379)
   defining Unicode char U+017C (decimal 380)
   defining Unicode char U+017D (decimal 381)
   defining Unicode char U+017E (decimal 382)
   defining Unicode char U+200C (decimal 8204)
   defining Unicode char U+2013 (decimal 8211)
   defining Unicode char U+2014 (decimal 8212)
   defining Unicode char U+2018 (decimal 8216)
   defining Unicode char U+2019 (decimal 8217)
   defining Unicode char U+201A (decimal 8218)
   defining Unicode char U+201C (decimal 8220)
   defining Unicode char U+201D (decimal 8221)
   defining Unicode char U+201E (decimal 8222)
   defining Unicode char U+2030 (decimal 8240)
   defining Unicode char U+2031 (decimal 8241)
   defining Unicode char U+2039 (decimal 8249)
   defining Unicode char U+203A (decimal 8250)
   defining Unicode char U+2423 (decimal 9251)
)
Now handling font encoding OT1 ...
... processing UTF-8 mapping file for font encoding OT1

(/usr/share/texlive/texmf-dist/tex/latex/base/ot1enc.dfu
File: ot1enc.dfu 2008/04/05 v1.1m UTF-8 support for inputenc
   defining Unicode char U+00A1 (decimal 161)
   defining Unicode char U+00A3 (decimal 163)
   defining Unicode char U+00B8 (decimal 184)
   defining Unicode char U+00BF (decimal 191)
   defining Unicode char U+00C5 (decimal 197)
   defining Unicode char U+00C6 (decimal 198)
   defining Unicode char U+00D8 (decimal 216)
   defining Unicode char U+00DF (decimal 223)
   defining Unicode char U+00E6 (decimal 230)
   defining Unicode char U+00EC (decimal 236)
   defining Unicode char U+00ED (decimal 237)
   defining Unicode char U+00EE (decimal 238)
   defining Unicode char U+00EF (decimal 239)
   defining Unicode char U+00F8 (decimal 248)
   defining Unicode char U+0131 (decimal 305)
   defining Unicode char U+0141 (decimal 321)
   defining Unicode char U+0142 (decimal 322)
   defining Unicode char U+0152 (decimal 338)
   defining Unicode char U+0153 (decimal 339)
   defining Unicode char U+2013 (decimal 8211)
   defining Unicode char U+2014 (decimal 8212)
   defining Unicode char U+2018 (decimal 8216)
   defining Unicode char U+2019 (decimal 8217)
   defining Unicode char U+201C (decimal 8220)
   defining Unicode char U+201D (decimal 8221)
)
Now handling font encoding OMS ...
... processing UTF-8 mapping file for font encoding OMS

(/usr/share/texlive/texmf-dist/tex/latex/base/omsenc.dfu
File: omsenc.dfu 2008/04/05 v1.1m UTF-8 support for inputenc
   defining Unicode char U+00A7 (decimal 167)
   defining Unicode char U+00B6 (decimal 182)
   defining Unicode char U+00B7 (decimal 183)
   defining Unicode char U+2020 (decimal 8224)
   defining Unicode char U+2021 (decimal 8225)
   defining Unicode char U+2022 (decimal 8226)
)
Now handling font encoding OMX ...
... no UTF-8 mapping file for font encoding OMX
Now handling font encoding U ...
... no UTF-8 mapping file for font encoding U
   defining Unicode char U+00A9 (decimal 169)
   defining Unicode char U+00AA (decimal 170)
   defining Unicode char U+00AE (decimal 174)
   defining Unicode char U+00BA (decimal 186)
   defining Unicode char U+02C6 (decimal 710)
   defining Unicode char U+02DC (decimal 732)
   defining Unicode char U+200C (decimal 8204)
   defining Unicode char U+2026 (decimal 8230)
   defining Unicode char U+2122 (decimal 8482)
   defining Unicode char U+2423 (decimal 9251)
))
(/usr/share/texlive/texmf-dist/tex/latex/url/url.sty
\Urlmuskip=\muskip11
Package: url 2006/04/12  ver 3.3  Verb mode for urls, etc.
)
(/usr/share/texlive/texmf-dist/tex/latex/hyperref/hyperref.sty
Package: hyperref 2012/11/06 v6.83m Hypertext links for LaTeX

(/usr/share/texlive/texmf-dist/tex/generic/oberdiek/hobsub-hyperref.sty
Package: hobsub-hyperref 2012/05/28 v1.13 Bundle oberdiek, subset hyperref (HO)


(/usr/share/texlive/texmf-dist/tex/generic/oberdiek/hobsub-generic.sty
Package: hobsub-generic 2012/05/28 v1.13 Bundle oberdiek, subset generic (HO)
Package: hobsub 2012/05/28 v1.13 Construct package bundles (HO)
Package: infwarerr 2010/04/08 v1.3 Providing info/warning/error messages (HO)
Package: ltxcmds 2011/11/09 v1.22 LaTeX kernel commands for general use (HO)
Package: ifluatex 2010/03/01 v1.3 Provides the ifluatex switch (HO)
Package ifluatex Info: LuaTeX not detected.
Package: ifvtex 2010/03/01 v1.5 Detect VTeX and its facilities (HO)
Package ifvtex Info: VTeX not detected.
Package: intcalc 2007/09/27 v1.1 Expandable calculations with integers (HO)
Package: ifpdf 2011/01/30 v2.3 Provides the ifpdf switch (HO)
Package ifpdf Info: pdfTeX in PDF mode is detected.
Package: etexcmds 2011/02/16 v1.5 Avoid name clashes with e-TeX commands (HO)
Package etexcmds Info: Could not find \expanded.
(etexcmds)             That can mean that you are not using pdfTeX 1.50 or
(etexcmds)             that some package has redefined \expanded.
(etexcmds)             In the latter case, load this package earlier.
Package: kvsetkeys 2012/04/25 v1.16 Key value parser (HO)
Package: kvdefinekeys 2011/04/07 v1.3 Define keys (HO)
Package: pdftexcmds 2011/11/29 v0.20 Utility functions of pdfTeX for LuaTeX (HO
)
Package pdftexcmds Info: LuaTeX not detected.
Package pdftexcmds Info: \pdf@primitive is available.
Package pdftexcmds Info: \pdf@ifprimitive is available.
Package pdftexcmds Info: \pdfdraftmode found.
Package: pdfescape 2011/11/25 v1.13 Implements pdfTeX's escape features (HO)
Package: bigintcalc 2012/04/08 v1.3 Expandable calculations on big integers (HO
)
Package: bitset 2011/01/30 v1.1 Handle bit-vector datatype (HO)
Package: uniquecounter 2011/01/30 v1.2 Provide unlimited unique counter (HO)
)
Package hobsub Info: Skipping package `hobsub' (already loaded).
Package: letltxmacro 2010/09/02 v1.4 Let assignment for LaTeX macros (HO)
Package: hopatch 2012/05/28 v1.2 Wrapper for package hooks (HO)
Package: xcolor-patch 2011/01/30 xcolor patch
Package: atveryend 2011/06/30 v1.8 Hooks at the very end of document (HO)
Package atveryend Info: \enddocument detected (standard20110627).
Package: atbegshi 2011/10/05 v1.16 At begin shipout hook (HO)
Package: refcount 2011/10/16 v3.4 Data extraction from label references (HO)
Package: hycolor 2011/01/30 v1.7 Color options for hyperref/bookmark (HO)
)
(/usr/share/texlive/texmf-dist/tex/latex/graphics/keyval.sty
Package: keyval 1999/03/16 v1.13 key=value parser (DPC)
\KV@toks@=\toks21
)
(/usr/share/texlive/texmf-dist/tex/generic/ifxetex/ifxetex.sty
Package: ifxetex 2010/09/12 v0.6 Provides ifxetex conditional
)
(/usr/share/texlive/texmf-dist/tex/latex/oberdiek/auxhook.sty
Package: auxhook 2011/03/04 v1.3 Hooks for auxiliary files (HO)
)
(/usr/share/texlive/texmf-dist/tex/latex/oberdiek/kvoptions.sty
Package: kvoptions 2011/06/30 v3.11 Key value format for package options (HO)
)
\@linkdim=\dimen112
\Hy@linkcounter=\count102
\Hy@pagecounter=\count103

(/usr/share/texlive/texmf-dist/tex/latex/hyperref/pd1enc.def
File: pd1enc.def 2012/11/06 v6.83m Hyperref: PDFDocEncoding definition (HO)
Now handling font encoding PD1 ...
... no UTF-8 mapping file for font encoding PD1
)
\Hy@SavedSpaceFactor=\count104

(/usr/share/texlive/texmf-dist/tex/latex/latexconfig/hyperref.cfg
File: hyperref.cfg 2002/06/06 v1.2 hyperref configuration of TeXLive
)
Package hyperref Info: Hyper figures OFF on input line 4443.
Package hyperref Info: Link nesting OFF on input line 4448.
Package hyperref Info: Hyper index ON on input line 4451.
Package hyperref Info: Plain pages OFF on input line 4458.
Package hyperref Info: Backreferencing OFF on input line 4463.
Package hyperref Info: Implicit mode ON; LaTeX internals redefined.
Package hyperref Info: Bookmarks ON on input line 4688.
\c@Hy@tempcnt=\count105
LaTeX Info: Redefining \url on input line 5041.
\XeTeXLinkMargin=\dimen113
\Fld@menulength=\count106
\Field@Width=\dimen114
\Fld@charsize=\dimen115
Package hyperref Info: Hyper figures OFF on input line 6295.
Package hyperref Info: Link nesting OFF on input line 6300.
Package hyperref Info: Hyper index ON on input line 6303.
Package hyperref Info: backreferencing OFF on input line 6310.
Package hyperref Info: Link coloring OFF on input line 6315.
Package hyperref Info: Link coloring with OCG OFF on input line 6320.
Package hyperref Info: PDF/A mode OFF on input line 6325.
LaTeX Info: Redefining \ref on input line 6365.
LaTeX Info: Redefining \pageref on input line 6369.
\Hy@abspage=\count107
\c@Item=\count108
\c@Hfootnote=\count109
)

Package hyperref Message: Driver (autodetected): hpdftex.

(/usr/share/texlive/texmf-dist/tex/latex/hyperref/hpdftex.def
File: hpdftex.def 2012/11/06 v6.83m Hyperref driver for pdfTeX
\Fld@listcount=\count110
\c@bookmark@seq@number=\count111

(/usr/share/texlive/texmf-dist/tex/latex/oberdiek/rerunfilecheck.sty
Package: rerunfilecheck 2011/04/15 v1.7 Rerun checks for auxiliary files (HO)
Package uniquecounter Info: New unique counter `rerunfilecheck' on input line 2
82.
)
\Hy@SectionHShift=\skip48
)
(/usr/share/texlive/texmf-dist/tex/latex/graphics/graphicx.sty
Package: graphicx 1999/02/16 v1.0f Enhanced LaTeX Graphics (DPC,SPQR)

(/usr/share/texlive/texmf-dist/tex/latex/graphics/graphics.sty
Package: graphics 2009/02/05 v1.0o Standard LaTeX Graphics (DPC,SPQR)

(/usr/share/texlive/texmf-dist/tex/latex/graphics/trig.sty
Package: trig 1999/03/16 v1.09 sin cos tan (DPC)
)
(/usr/share/texlive/texmf-dist/tex/latex/latexconfig/graphics.cfg
File: graphics.cfg 2010/04/23 v1.9 graphics configuration of TeX Live
)
Package graphics Info: Driver file: pdftex.def on input line 91.

(/usr/share/texlive/texmf-dist/tex/latex/pdftex-def/pdftex.def
File: pdftex.def 2011/05/27 v0.06d Graphics/color for pdfTeX
\Gread@gobject=\count112
))
\Gin@req@height=\dimen116
\Gin@req@width=\dimen117
)
(/usr/share/texlive/texmf-dist/tex/latex/xcolor/xcolor.sty
Package: xcolor 2007/01/21 v2.11 LaTeX color extensions (UK)

(/usr/share/texlive/texmf-dist/tex/latex/latexconfig/color.cfg
File: color.cfg 2007/01/18 v1.5 color configuration of teTeX/TeXLive
)
Package xcolor Info: Driver file: pdftex.def on input line 225.
Package xcolor Info: Model `cmy' substituted by `cmy0' on input line 1337.
Package xcolor Info: Model `hsb' substituted by `rgb' on input line 1341.
Package xcolor Info: Model `RGB' extended on input line 1353.
Package xcolor Info: Model `HTML' substituted by `rgb' on input line 1355.
Package xcolor Info: Model `Hsb' substituted by `hsb' on input line 1356.
Package xcolor Info: Model `tHsb' substituted by `hsb' on input line 1357.
Package xcolor Info: Model `HSB' substituted by `hsb' on input line 1358.
Package xcolor Info: Model `Gray' substituted by `gray' on input line 1359.
Package xcolor Info: Model `wave' substituted by `hsb' on input line 1360.

(/usr/share/texlive/texmf-dist/tex/latex/graphics/dvipsnam.def
File: dvipsnam.def 1999/02/16 v3.0i Driver-dependant file (DPC,SPQR)
))
(/usr/share/texlive/texmf-dist/tex/latex/subfigure/subfigure.sty
Package: subfigure 2002/03/15 v2.1.5 subfigure package
\subfigtopskip=\skip49
\subfigcapskip=\skip50
\subfigcaptopadj=\dimen118
\subfigbottomskip=\skip51
\subfigcapmargin=\dimen119
\subfiglabelskip=\skip52
\c@subfigure=\count113
\c@lofdepth=\count114
\c@subtable=\count115
\c@lotdepth=\count116

****************************************
* Local config file subfigure.cfg used *
****************************************
(/usr/share/texlive/texmf-dist/tex/latex/subfigure/subfigure.cfg)
\subfig@top=\skip53
\subfig@bottom=\skip54
)
(/usr/share/texlive/texmf-dist/tex/generic/ulem/ulem.sty
\UL@box=\box28
\UL@hyphenbox=\box29
\UL@skip=\skip55
\UL@hook=\toks22
\UL@height=\dimen120
\UL@pe=\count117
\UL@pixel=\dimen121
\ULC@box=\box30
Package: ulem 2012/05/18
\ULdepth=\dimen122
) (./diff1.aux

LaTeX Warning: Label `eq:exclusion1' multiply defined.

)
\openout1 = `diff1.aux'.

LaTeX Font Info:    Checking defaults for OML/cmm/m/it on input line 71.
LaTeX Font Info:    ... okay on input line 71.
LaTeX Font Info:    Checking defaults for T1/cmr/m/n on input line 71.
LaTeX Font Info:    ... okay on input line 71.
LaTeX Font Info:    Checking defaults for OT1/cmr/m/n on input line 71.
LaTeX Font Info:    ... okay on input line 71.
LaTeX Font Info:    Checking defaults for OMS/cmsy/m/n on input line 71.
LaTeX Font Info:    ... okay on input line 71.
LaTeX Font Info:    Checking defaults for OMX/cmex/m/n on input line 71.
LaTeX Font Info:    ... okay on input line 71.
LaTeX Font Info:    Checking defaults for U/cmr/m/n on input line 71.
LaTeX Font Info:    ... okay on input line 71.
LaTeX Font Info:    Checking defaults for PD1/pdf/m/n on input line 71.
LaTeX Font Info:    ... okay on input line 71.
\AtBeginShipoutBox=\box31
Package hyperref Info: Link coloring OFF on input line 71.
 (/usr/share/texlive/texmf-dist/tex/latex/hyperref/nameref.sty
Package: nameref 2012/10/27 v2.43 Cross-referencing by name of section

(/usr/share/texlive/texmf-dist/tex/generic/oberdiek/gettitlestring.sty
Package: gettitlestring 2010/12/03 v1.4 Cleanup title references (HO)
)
\c@section@level=\count118
)
LaTeX Info: Redefining \ref on input line 71.
LaTeX Info: Redefining \pageref on input line 71.
LaTeX Info: Redefining \nameref on input line 71.

(./diff1.out) (./diff1.out)
\@outlinefile=\write3
\openout3 = `diff1.out'.


(/usr/share/texlive/texmf-dist/tex/context/base/supp-pdf.mkii
[Loading MPS to PDF converter (version 2006.09.02).]
\scratchcounter=\count119
\scratchdimen=\dimen123
\scratchbox=\box32
\nofMPsegments=\count120
\nofMParguments=\count121
\everyMPshowfont=\toks23
\MPscratchCnt=\count122
\MPscratchDim=\dimen124
\MPnumerator=\count123
\makeMPintoPDFobject=\count124
\everyMPtoPDFconversion=\toks24
) (/usr/share/texlive/texmf-dist/tex/latex/oberdiek/epstopdf-base.sty
Package: epstopdf-base 2010/02/09 v2.5 Base part for package epstopdf

(/usr/share/texlive/texmf-dist/tex/latex/oberdiek/grfext.sty
Package: grfext 2010/08/19 v1.1 Manage graphics extensions (HO)
)
Package grfext Info: Graphics extension search list:
(grfext)             [.png,.pdf,.jpg,.mps,.jpeg,.jbig2,.jb2,.PNG,.PDF,.JPG,.JPE
G,.JBIG2,.JB2,.eps]
(grfext)             \AppendGraphicsExtensions on input line 452.

(/usr/share/texlive/texmf-dist/tex/latex/latexconfig/epstopdf-sys.cfg
File: epstopdf-sys.cfg 2010/07/13 v1.3 Configuration of (r)epstopdf for TeX Liv
e
))
LaTeX Font Info:    Try loading font information for U+msa on input line 94.

(/usr/share/texlive/texmf-dist/tex/latex/amsfonts/umsa.fd
File: umsa.fd 2013/01/14 v3.01 AMS symbols A
)
LaTeX Font Info:    Try loading font information for U+msb on input line 94.

(/usr/share/texlive/texmf-dist/tex/latex/amsfonts/umsb.fd
File: umsb.fd 2013/01/14 v3.01 AMS symbols B
)
LaTeX Font Info:    Try loading font information for U+rsfs on input line 94.

(/usr/share/texlive/texmf-dist/tex/latex/jknapltx/ursfs.fd
File: ursfs.fd 1998/03/24 rsfs font definition file (jk)
) [1

{/usr/share/texlive/texmf-var/fonts/map/pdftex/updmap/pdftex.map}] (./diff1.toc
 [2])
\tf@toc=\write4
\openout4 = `diff1.toc'.

 [3]
[4] [5]
LaTeX Font Info:    Try loading font information for OMS+cmr on input line 267.

 (/usr/share/texlive/texmf-dist/tex/latex/base/omscmr.fd
File: omscmr.fd 1999/05/25 v2.5h Standard LaTeX font definitions
)
LaTeX Font Info:    Font shape `OMS/cmr/m/n' in size <12> not available
(Font)              Font shape `OMS/cmsy/m/n' tried instead on input line 267.
 [6]

Package amsmath Warning: Foreign command \over;
(amsmath)                \frac or \genfrac should be used instead
(amsmath)                 on input line 341.

[7] <i2HDM-space-1.pdf, id=378, 185.69376pt x 172.645pt>
File: i2HDM-space-1.pdf Graphic file (type pdf)

<use i2HDM-space-1.pdf>
Package pdftex.def Info: i2HDM-space-1.pdf used on input line 377.
(pdftex.def)             Requested size: 149.37848pt x 138.88539pt.
 <i2HDM-space-2.pdf, id=379, 185.69376pt x 172.645pt>
File: i2HDM-space-2.pdf Graphic file (type pdf)

<use i2HDM-space-2.pdf>
Package pdftex.def Info: i2HDM-space-2.pdf used on input line 378.
(pdftex.def)             Requested size: 149.37848pt x 138.88539pt.
 <i2HDM-space-3.pdf, id=380, 185.69376pt x 172.645pt>
File: i2HDM-space-3.pdf Graphic file (type pdf)

<use i2HDM-space-3.pdf>
Package pdftex.def Info: i2HDM-space-3.pdf used on input line 379.
(pdftex.def)             Requested size: 149.37848pt x 138.88539pt.
 [8] [9 <./i2HDM-space-1.pdf> <./i2HDM-space-2.pdf

pdfTeX warning: pdflatex (file ./i2HDM-space-2.pdf): PDF inclusion: multiple pd
fs with page group included in a single page
> <./i2HDM-space-3.pdf

pdfTeX warning: pdflatex (file ./i2HDM-space-3.pdf): PDF inclusion: multiple pd
fs with page group included in a single page
>] [10] <l345_ld_cut12_c.pdf, id=513, 433.62pt x 289.08pt>
File: l345_ld_cut12_c.pdf Graphic file (type pdf)

<use l345_ld_cut12_c.pdf>
Package pdftex.def Info: l345_ld_cut12_c.pdf used on input line 537.
(pdftex.def)             Requested size: 348.54472pt x 232.37587pt.
 [11 <./l345_ld_cut12_c.pdf>] [12]
<Mh2_Mhp_S_cut123.pdf, id=923, 433.62pt x 289.08pt>
File: Mh2_Mhp_S_cut123.pdf Graphic file (type pdf)
 <use Mh2_Mhp_S_cut123.pdf>
Package pdftex.def Info: Mh2_Mhp_S_cut123.pdf used on input line 637.
(pdftex.def)             Requested size: 273.85928pt x 182.5801pt.

<Mh2_Mhp_T_cut123.pdf, id=924, 433.62pt x 289.08pt>
File: Mh2_Mhp_T_cut123.pdf Graphic file (type pdf)
 <use Mh2_Mhp_T_cut123.pdf>
Package pdftex.def Info: Mh2_Mhp_T_cut123.pdf used on input line 638.
(pdftex.def)             Requested size: 273.85928pt x 182.5801pt.

Overfull \hbox (32.72354pt too wide) in paragraph at lines 637--638
 []| [][]| [][] 
 []

<S_T_Mhc-Mh2_cut123.pdf, id=925, 433.62pt x 289.08pt>
File: S_T_Mhc-Mh2_cut123.pdf Graphic file (type pdf)

<use S_T_Mhc-Mh2_cut123.pdf>
Package pdftex.def Info: S_T_Mhc-Mh2_cut123.pdf used on input line 639.
(pdftex.def)             Requested size: 273.85928pt x 182.5801pt.
 [13 <./Mh2_Mhp_S_cut123.pdf> <./Mh2_Mhp_T_cut123.pdf

pdfTeX warning: pdflatex (file ./Mh2_Mhp_T_cut123.pdf): PDF inclusion: multiple
 pdfs with page group included in a single page
> <./S_T_Mhc-Mh2_cut123.pdf

pdfTeX warning: pdflatex (file ./S_T_Mhc-Mh2_cut123.pdf): PDF inclusion: multip
le pdfs with page group included in a single page
>] [14] [15] [16] <Omega_Mh1_new.pdf, id=1908, 433.62pt x 325.215pt>
File: Omega_Mh1_new.pdf Graphic file (type pdf)

<use Omega_Mh1_new.pdf>
Package pdftex.def Info: Omega_Mh1_new.pdf used on input line 844.
(pdftex.def)             Requested size: 248.96161pt x 186.72424pt.

<Omega_Mh1_mh+100_new.pdf, id=1909, 433.62pt x 325.215pt>
File: Omega_Mh1_mh+100_new.pdf Graphic file (type pdf)

<use Omega_Mh1_mh+100_new.pdf>
Package pdftex.def Info: Omega_Mh1_mh+100_new.pdf used on input line 845.
(pdftex.def)             Requested size: 248.96161pt x 186.72424pt.

<DD_LUX_limit_new.pdf, id=1912, 455.30101pt x 383.031pt>
File: DD_LUX_limit_new.pdf Graphic file (type pdf)

<use DD_LUX_limit_new.pdf>
Package pdftex.def Info: DD_LUX_limit_new.pdf used on input line 858.
(pdftex.def)             Requested size: 248.96161pt x 209.44034pt.

<DD_LUX_limit_mh+100_new.pdf, id=1913, 455.30101pt x 383.031pt>
File: DD_LUX_limit_mh+100_new.pdf Graphic file (type pdf)

<use DD_LUX_limit_mh+100_new.pdf>
Package pdftex.def Info: DD_LUX_limit_mh+100_new.pdf used on input line 859.
(pdftex.def)             Requested size: 248.96161pt x 209.44034pt.
 [17 <./Omega_Mh1_new.pdf> <./Omega_Mh1_mh+100_new.pdf

pdfTeX warning: pdflatex (file ./Omega_Mh1_mh+100_new.pdf): PDF inclusion: mult
iple pdfs with page group included in a single page
>] [18 <./DD_LUX_limit_new.pdf> <./DD_LUX_limit_mh+100_new.pdf

pdfTeX warning: pdflatex (file ./DD_LUX_limit_mh+100_new.pdf): PDF inclusion: m
ultiple pdfs with page group included in a single page
>]
Overfull \hbox (7.74075pt too wide) in paragraph at lines 970--1056
|   []   |   []   |   []   |   []   |   []   |   []   |   []   |   []   [][]|  
 [][][]|   []   |   []   |   []   |   []   [][]|   [][][]|   []
 []

<simplified.jpg, id=2226, 980.16188pt x 1029.09468pt>
File: simplified.jpg Graphic file (type jpg)
 <use simplified.jpg>
Package pdftex.def Info: simplified.jpg used on input line 1141.
(pdftex.def)             Requested size: 348.54472pt x 365.93571pt.

[19]
Overfull \hbox (17.46141pt too wide) in paragraph at lines 1223--1249
[]|   []   |   []   |   []   |   []   |   []   |   []   |   []   |   []   |   [
]   |   []   |   []   |   []   |   []   |   []   |   []   |   []
 []


Overfull \hbox (18.27061pt too wide) in paragraph at lines 1223--1249
|   []   |   []   |   []   |   []   |   []   |   []   |   []   [][]|   []   |  
 [][][]|   []   |   []   |   []   |   []
 []

[20 <./simplified.jpg>] [21]
<simplified-fitting.png, id=2314, 1416.79312pt x 1026.08344pt>
File: simplified-fitting.png Graphic file (type png)

<use simplified-fitting.png>
Package pdftex.def Info: simplified-fitting.png used on input line 1354.
(pdftex.def)             Requested size: 448.12785pt x 324.54881pt.
 [22] [23 <./simplified-fitting.png>] [24pdfTeX warning (ext4): destination wit
h the same identifier (name{subsubsection.3.2.1}) has been already used, duplic
ate ignored

\AtBegShi@Output ...ipout \box \AtBeginShipoutBox 
                                                  \fi \fi 
l.1510 
       ] [25] <fd-mono-j1.pdf, id=2363, 332.24126pt x 120.45pt>
File: fd-mono-j1.pdf Graphic file (type pdf)

<use fd-mono-j1.pdf>
Package pdftex.def Info: fd-mono-j1.pdf used on input line 1571.
(pdftex.def)             Requested size: 448.12785pt x 162.47365pt.
 <fd-mono-j2.pdf, id=2367, 376.40625pt x 55.20625pt>
File: fd-mono-j2.pdf Graphic file (type pdf)

<use fd-mono-j2.pdf>
Package pdftex.def Info: fd-mono-j2.pdf used on input line 1589.
(pdftex.def)             Requested size: 448.12785pt x 65.72992pt.
 [26pdfTeX warning (ext4): destination with the same identifier (name{subsectio
n.4.1}) has been already used, duplicate ignored

\AtBegShi@Output ...ipout \box \AtBeginShipoutBox 
                                                  \fi \fi 
l.1620 \DIFaddbegin \subsubsection
                                  {\DIFadd{Mono-$Z$ production}} <./fd-mono-j1.
pdf> <./fd-mono-j2.pdf>]

Package hyperref Warning: Token not allowed in a PDF string (PDFDocEncoding):
(hyperref)                removing `math shift' on input line 1620.


Package hyperref Warning: Token not allowed in a PDF string (PDFDocEncoding):
(hyperref)                removing `math shift' on input line 1620.

<fd-mono-z.pdf, id=2400, 330.23375pt x 55.20625pt>
File: fd-mono-z.pdf Graphic file (type pdf)
 <use fd-mono-z.pdf>
Package pdftex.def Info: fd-mono-z.pdf used on input line 1625.
(pdftex.def)             Requested size: 448.12785pt x 74.91774pt.

<fd-mono-h1.pdf, id=2406, 332.24126pt x 117.43875pt>
File: fd-mono-h1.pdf Graphic file (type pdf)
 <use fd-mono-h1.pdf>
Package pdftex.def Info: fd-mono-h1.pdf used on input line 1687.
(pdftex.def)             Requested size: 448.12785pt x 158.4118pt.

<fd-mono-h2.pdf, id=2407, 293.095pt x 55.20625pt>
File: fd-mono-h2.pdf Graphic file (type pdf)
 <use fd-mono-h2.pdf>
Package pdftex.def Info: fd-mono-h2.pdf used on input line 1698.
(pdftex.def)             Requested size: 448.12785pt x 84.40714pt.


LaTeX Warning: `!h' float specifier changed to `!ht'.


LaTeX Warning: `!h' float specifier changed to `!ht'.

[27 <./fd-mono-z.pdf>] <fd-vbf.pdf, id=2424, 280.04625pt x 79.29625pt>
File: fd-vbf.pdf Graphic file (type pdf)

<use fd-vbf.pdf>
Package pdftex.def Info: fd-vbf.pdf used on input line 1729.
(pdftex.def)             Requested size: 448.12785pt x 126.8947pt.


LaTeX Warning: `!h' float specifier changed to `!ht'.

[28 <./fd-mono-h1.pdf> <./fd-mono-h2.pdf>]
Overfull \hbox (7.03918pt too wide) in paragraph at lines 1789--1791
[]\OT1/cmr/m/n/12 the PDF and the strong cou-pling con-stant are as pro-vided b
y the NNPDF23LO ([]\OT1/cmtt/m/n/12 as_0119_qed\OT1/cmr/m/n/12 )
 []

[29 <./fd-vbf.pdf>]
! Missing number, treated as zero.
<to be read again> 
                   {
l.1809 \hskip \DIFaddFL{3cm}
                            \includegraphics[height=0.4\textheight]{sigma_vs...

? r
OK, entering \nonstopmode...
! Illegal unit of measure (pt inserted).
<to be read again> 
                   {
l.1809 \hskip \DIFaddFL{3cm}
                            \includegraphics[height=0.4\textheight]{sigma_vs...
Dimensions can be in units of em, ex, in, pt, pc,
cm, mm, dd, cc, nd, nc, bp, or sp; but yours is a new one!
I'll assume that you meant to say pt, for printer's points.
To recover gracefully from this error, it's best to
delete the erroneous units; e.g., type `2' to delete
two letters. (See Chapter 27 of The TeXbook.)

<sigma_vs_mh1_new_8tev.pdf, id=2470, 767.86874pt x 398.48875pt>
File: sigma_vs_mh1_new_8tev.pdf Graphic file (type pdf)

<use sigma_vs_mh1_new_8tev.pdf>
Package pdftex.def Info: sigma_vs_mh1_new_8tev.pdf used on input line 1809.
(pdftex.def)             Requested size: 456.29588pt x 236.79639pt.

! Missing number, treated as zero.
<to be read again> 
                   {
l.1811 }
        \hskip \DIFaddFL{3cm}\includegraphics[trim={0 0 10.5cm 0},clip,heigh...
A number should have been here; I inserted `0'.
(If you can't figure out why I needed to see a number,
look up `weird error' in the index to The TeXbook.)

! Illegal unit of measure (pt inserted).
<to be read again> 
                   {
l.1811 }
        \hskip \DIFaddFL{3cm}\includegraphics[trim={0 0 10.5cm 0},clip,heigh...
Dimensions can be in units of em, ex, in, pt, pc,
cm, mm, dd, cc, nd, nc, bp, or sp; but yours is a new one!
I'll assume that you meant to say pt, for printer's points.
To recover gracefully from this error, it's best to
delete the erroneous units; e.g., type `2' to delete
two letters. (See Chapter 27 of The TeXbook.)

! Missing number, treated as zero.
<to be read again> 
                   {
l.1811 }\hskip \DIFaddFL{3cm}
                             \includegraphics[trim={0 0 10.5cm 0},clip,heigh...
A number should have been here; I inserted `0'.
(If you can't figure out why I needed to see a number,
look up `weird error' in the index to The TeXbook.)

! Illegal unit of measure (pt inserted).
<to be read again> 
                   {
l.1811 }\hskip \DIFaddFL{3cm}
                             \includegraphics[trim={0 0 10.5cm 0},clip,heigh...
Dimensions can be in units of em, ex, in, pt, pc,
cm, mm, dd, cc, nd, nc, bp, or sp; but yours is a new one!
I'll assume that you meant to say pt, for printer's points.
To recover gracefully from this error, it's best to
delete the erroneous units; e.g., type `2' to delete
two letters. (See Chapter 27 of The TeXbook.)

<sigma_vs_mh1_new_13tev.pdf, id=2471, 767.86874pt x 398.48875pt>
File: sigma_vs_mh1_new_13tev.pdf Graphic file (type pdf)

<use sigma_vs_mh1_new_13tev.pdf>
Package pdftex.def Info: sigma_vs_mh1_new_13tev.pdf used on input line 1811.
(pdftex.def)             Requested size: 278.76529pt x 236.79639pt.

! Missing number, treated as zero.
<to be read again> 
                   {
l.1813 }
        \caption{\DIFaddFL{ Cross sections versus
A number should have been here; I inserted `0'.
(If you can't figure out why I needed to see a number,
look up `weird error' in the index to The TeXbook.)

! Illegal unit of measure (pt inserted).
<to be read again> 
                   {
l.1813 }
        \caption{\DIFaddFL{ Cross sections versus
Dimensions can be in units of em, ex, in, pt, pc,
cm, mm, dd, cc, nd, nc, bp, or sp; but yours is a new one!
I'll assume that you meant to say pt, for printer's points.
To recover gracefully from this error, it's best to
delete the erroneous units; e.g., type `2' to delete
two letters. (See Chapter 27 of The TeXbook.)


Overfull \hbox (16.72429pt too wide) in paragraph at lines 1882--1926
 [][] 
 []

[30]
Overfull \hbox (10.91177pt too wide) in paragraph at lines 1931--1940
|   []   |   []   |   []   |   []   |   []   |   []   |   []   |   []   |   [] 
  |   []   |   []   |   []   |   []   |   []   |   []   |   []
 []

[31 <./sigma_vs_mh1_new_13tev.pdf> <./sigma_vs_mh1_new_8tev.pdf>] [32] [33]

Package hyperref Warning: Token not allowed in a PDF string (PDFDocEncoding):
(hyperref)                removing `math shift' on input line 2029.


Package hyperref Warning: Token not allowed in a PDF string (PDFDocEncoding):
(hyperref)                removing `\rightarrow' on input line 2029.


Package hyperref Warning: Token not allowed in a PDF string (PDFDocEncoding):
(hyperref)                removing `subscript' on input line 2029.


Package hyperref Warning: Token not allowed in a PDF string (PDFDocEncoding):
(hyperref)                removing `subscript' on input line 2029.


Package hyperref Warning: Token not allowed in a PDF string (PDFDocEncoding):
(hyperref)                removing `math shift' on input line 2029.

<./Mh1_h1h1_limit_8TeV.pdf, id=2537, 578.16pt x 433.62pt>
File: ./Mh1_h1h1_limit_8TeV.pdf Graphic file (type pdf)

<use ./Mh1_h1h1_limit_8TeV.pdf>
Package pdftex.def Info: ./Mh1_h1h1_limit_8TeV.pdf used on input line 2033.
(pdftex.def)             Requested size: 248.96161pt x 186.71762pt.

<./Mh1_h1h1_limit_13TeV.pdf, id=2538, 578.16pt x 433.62pt>
File: ./Mh1_h1h1_limit_13TeV.pdf Graphic file (type pdf)

<use ./Mh1_h1h1_limit_13TeV.pdf>
Package pdftex.def Info: ./Mh1_h1h1_limit_13TeV.pdf used on input line 2034.
(pdftex.def)             Requested size: 248.96161pt x 186.71762pt.


LaTeX Warning: `!h' float specifier changed to `!ht'.

[34] <./lam345_limit_lhc13.pdf, id=2572, 397.485pt x 289.08pt>
File: ./lam345_limit_lhc13.pdf Graphic file (type pdf)

<use ./lam345_limit_lhc13.pdf>
Package pdftex.def Info: ./lam345_limit_lhc13.pdf used on input line 2064.
(pdftex.def)             Requested size: 323.64705pt x 235.38858pt.


LaTeX Warning: `!h' float specifier changed to `!ht'.

[35 <./Mh1_h1h1_limit_8TeV.pdf> <./Mh1_h1h1_limit_13TeV.pdf

pdfTeX warning: pdflatex (file ./Mh1_h1h1_limit_13TeV.pdf): PDF inclusion: mult
iple pdfs with page group included in a single page
>]

Package hyperref Warning: Token not allowed in a PDF string (PDFDocEncoding):
(hyperref)                removing `math shift' on input line 2076.


Package hyperref Warning: Token not allowed in a PDF string (PDFDocEncoding):
(hyperref)                removing `\rightarrow' on input line 2076.


Package hyperref Warning: Token not allowed in a PDF string (PDFDocEncoding):
(hyperref)                removing `subscript' on input line 2076.


Package hyperref Warning: Token not allowed in a PDF string (PDFDocEncoding):
(hyperref)                removing `subscript' on input line 2076.


Package hyperref Warning: Token not allowed in a PDF string (PDFDocEncoding):
(hyperref)                removing `math shift' on input line 2076.

<./Mh1_h1h2_limit_8TeV.pdf, id=2733, 578.16pt x 433.62pt>
File: ./Mh1_h1h2_limit_8TeV.pdf Graphic file (type pdf)

<use ./Mh1_h1h2_limit_8TeV.pdf>
Package pdftex.def Info: ./Mh1_h1h2_limit_8TeV.pdf used on input line 2080.
(pdftex.def)             Requested size: 248.96161pt x 186.71762pt.

<./Mh1_h1h2_limit_13TeV.pdf, id=2734, 578.16pt x 433.62pt>
File: ./Mh1_h1h2_limit_13TeV.pdf Graphic file (type pdf)

<use ./Mh1_h1h2_limit_13TeV.pdf>
Package pdftex.def Info: ./Mh1_h1h2_limit_13TeV.pdf used on input line 2081.
(pdftex.def)             Requested size: 248.96161pt x 186.71762pt.


LaTeX Warning: `!h' float specifier changed to `!ht'.

[36 <./lam345_limit_lhc13.pdf>]
<Mh1_ld345_Omega_large-coll_a1.pdf, id=2807, 325.215pt x 216.81pt>
File: Mh1_ld345_Omega_large-coll_a1.pdf Graphic file (type pdf)

<use Mh1_ld345_Omega_large-coll_a1.pdf>
Package pdftex.def Info: Mh1_ld345_Omega_large-coll_a1.pdf used on input line 2
107.
(pdftex.def)             Requested size: 243.9851pt x 151.98682pt.

<Mh1_ld345_Omega_small-coll_zoom_a1.pdf, id=2809, 325.215pt x 216.81pt>
File: Mh1_ld345_Omega_small-coll_zoom_a1.pdf Graphic file (type pdf)

<use Mh1_ld345_Omega_small-coll_zoom_a1.pdf>
Package pdftex.def Info: Mh1_ld345_Omega_small-coll_zoom_a1.pdf used on input l
ine 2109.
(pdftex.def)             Requested size: 243.9851pt x 151.98682pt.

<Mh1_ld345_Omega_small-coll_zoom_b3.pdf, id=2811, 325.215pt x 216.81pt>
File: Mh1_ld345_Omega_small-coll_zoom_b3.pdf Graphic file (type pdf)

<use Mh1_ld345_Omega_small-coll_zoom_b3.pdf>
Package pdftex.def Info: Mh1_ld345_Omega_small-coll_zoom_b3.pdf used on input l
ine 2111.
(pdftex.def)             Requested size: 243.9851pt x 151.98682pt.

<Mh1_ld345_Omega_small-coll_zoom_c3.pdf, id=2813, 325.215pt x 216.81pt>
File: Mh1_ld345_Omega_small-coll_zoom_c3.pdf Graphic file (type pdf)

<use Mh1_ld345_Omega_small-coll_zoom_c3.pdf>
Package pdftex.def Info: Mh1_ld345_Omega_small-coll_zoom_c3.pdf used on input l
ine 2113.
(pdftex.def)             Requested size: 243.9851pt x 151.98682pt.
 [37 <./Mh1_h1h2_limit_8TeV.pdf> <./Mh1_h1h2_limit_13TeV.pdf

pdfTeX warning: pdflatex (file ./Mh1_h1h2_limit_13TeV.pdf): PDF inclusion: mult
iple pdfs with page group included in a single page
>] <Mh1_ld345_Omega_large-coll_a2.pdf, id=2965, 325.215pt x 216.81pt>
File: Mh1_ld345_Omega_large-coll_a2.pdf Graphic file (type pdf)

<use Mh1_ld345_Omega_large-coll_a2.pdf>
Package pdftex.def Info: Mh1_ld345_Omega_large-coll_a2.pdf used on input line 2
160.
(pdftex.def)             Requested size: 243.9851pt x 151.98682pt.

<Mh1_ld345_Omega_small-coll_zoom_a2.pdf, id=2967, 325.215pt x 216.81pt>
File: Mh1_ld345_Omega_small-coll_zoom_a2.pdf Graphic file (type pdf)

<use Mh1_ld345_Omega_small-coll_zoom_a2.pdf>
Package pdftex.def Info: Mh1_ld345_Omega_small-coll_zoom_a2.pdf used on input l
ine 2162.
(pdftex.def)             Requested size: 243.9851pt x 151.98682pt.
 [38 <./Mh1_ld345_Omega_large-coll_a1.pdf> <./Mh1_ld345_Omega_small-coll_zoom_a
1.pdf> <./Mh1_ld345_Omega_small-coll_zoom_b3.pdf> <./Mh1_ld345_Omega_small-coll
_zoom_c3.pdf>]
<Mh1_Mh2_Omega_large-coll_a2.pdf, id=4343, 325.215pt x 216.81pt>
File: Mh1_Mh2_Omega_large-coll_a2.pdf Graphic file (type pdf)

<use Mh1_Mh2_Omega_large-coll_a2.pdf>
Package pdftex.def Info: Mh1_Mh2_Omega_large-coll_a2.pdf used on input line 219
1.
(pdftex.def)             Requested size: 248.96161pt x 155.08725pt.

<Mh1_Mh2_Omega_small-coll_a2.pdf, id=4345, 325.215pt x 216.81pt>
File: Mh1_Mh2_Omega_small-coll_a2.pdf Graphic file (type pdf)

<use Mh1_Mh2_Omega_small-coll_a2.pdf>
Package pdftex.def Info: Mh1_Mh2_Omega_small-coll_a2.pdf used on input line 219
2.
(pdftex.def)             Requested size: 248.96161pt x 155.08725pt.

<Mhc_Mh2_Omega_large-coll_a2.pdf, id=4347, 325.215pt x 216.81pt>
File: Mhc_Mh2_Omega_large-coll_a2.pdf Graphic file (type pdf)

<use Mhc_Mh2_Omega_large-coll_a2.pdf>
Package pdftex.def Info: Mhc_Mh2_Omega_large-coll_a2.pdf used on input line 219
3.
(pdftex.def)             Requested size: 248.96161pt x 155.08725pt.

<Mhc_Mh2_Omega_small-coll_a2.pdf, id=4349, 325.215pt x 216.81pt>
File: Mhc_Mh2_Omega_small-coll_a2.pdf Graphic file (type pdf)

<use Mhc_Mh2_Omega_small-coll_a2.pdf>
Package pdftex.def Info: Mhc_Mh2_Omega_small-coll_a2.pdf used on input line 219
4.
(pdftex.def)             Requested size: 248.96161pt x 155.08725pt.

Underfull \hbox (badness 10000) in paragraph at lines 2191--2202

 []


<./Mh1_ld345_Omega_relic-large-coll_zz-large-monoc.pdf, id=4355, 361.35pt x 240
.65909pt>
File: ./Mh1_ld345_Omega_relic-large-coll_zz-large-monoc.pdf Graphic file (type 
pdf)
 <use ./Mh1_ld345_Omega_relic-large-coll_zz-large-monoc.pdf>
Package pdftex.def Info: ./Mh1_ld345_Omega_relic-large-coll_zz-large-monoc.pdf 
used on input line 2211.
(pdftex.def)             Requested size: 248.96161pt x 156.00725pt.

<./Mh1_ld345_Omega_relic-small-coll_zz-monoc.pdf, id=4357, 361.35pt x 240.65909
pt>
File: ./Mh1_ld345_Omega_relic-small-coll_zz-monoc.pdf Graphic file (type pdf)
 <use ./Mh1_ld345_Omega_relic-small-coll_zz-monoc.pdf>
Package pdftex.def Info: ./Mh1_ld345_Omega_relic-small-coll_zz-monoc.pdf used o
n input line 2212.
(pdftex.def)             Requested size: 248.96161pt x 156.00725pt.

<./Mh1_Mh2_Omega_relic-small-coll_zz-monoc.pdf, id=4359, 361.35pt x 240.65909pt
>
File: ./Mh1_Mh2_Omega_relic-small-coll_zz-monoc.pdf Graphic file (type pdf)
 <use ./Mh1_Mh2_Omega_relic-small-coll_zz-monoc.pdf>
Package pdftex.def Info: ./Mh1_Mh2_Omega_relic-small-coll_zz-monoc.pdf used on 
input line 2213.
(pdftex.def)             Requested size: 248.96161pt x 156.00725pt.

<./Mhc_Mh2_Omega_relic-small-coll_zz-monoc.pdf, id=4361, 361.35pt x 240.65909pt
>
File: ./Mhc_Mh2_Omega_relic-small-coll_zz-monoc.pdf Graphic file (type pdf)
 <use ./Mhc_Mh2_Omega_relic-small-coll_zz-monoc.pdf>
Package pdftex.def Info: ./Mhc_Mh2_Omega_relic-small-coll_zz-monoc.pdf used on 
input line 2214.
(pdftex.def)             Requested size: 248.96161pt x 156.00725pt.
 [39 <./Mh1_ld345_Omega_large-coll_a2.pdf> <./Mh1_ld345_Omega_small-coll_zoom_a
2.pdf>] [40 <./Mh1_Mh2_Omega_large-coll_a2.pdf> <./Mh1_Mh2_Omega_small-coll_a2.
pdf> <./Mhc_Mh2_Omega_large-coll_a2.pdf> <./Mhc_Mh2_Omega_small-coll_a2.pdf>] [
41 <./Mh1_ld345_Omega_relic-large-coll_zz-large-monoc.pdf> <./Mh1_ld345_Omega_r
elic-small-coll_zz-monoc.pdf> <./Mh1_Mh2_Omega_relic-small-coll_zz-monoc.pdf> <
./Mhc_Mh2_Omega_relic-small-coll_zz-monoc.pdf>] [42] [43]
Overfull \hbox (1.5989pt too wide) in paragraph at lines 2357--2358
|   []   |   []   |   []   |   []   |   []   |   []   |   []   |   []   |   [] 
  |   []   |   []   |   []   |   []   |   []
 []


Overfull \hbox (26.21718pt too wide) in paragraph at lines 2379--2381
[]|   []   |   []   |   []   |   []   |   []   |   []   |   []   |   []   []\OT
1/cmr/m/n/12 [[]|   []   |   []   |   [][]][]|   []   |   []
 []

! Missing number, treated as zero.
<to be read again> 
                   {
l.2392 }
        \hspace*{-0.3cm}\includegraphics[width=0.41\textwidth]{Mh1_ld345_Ome...
A number should have been here; I inserted `0'.
(If you can't figure out why I needed to see a number,
look up `weird error' in the index to The TeXbook.)

! Illegal unit of measure (pt inserted).
<to be read again> 
                   {
l.2392 }
        \hspace*{-0.3cm}\includegraphics[width=0.41\textwidth]{Mh1_ld345_Ome...
Dimensions can be in units of em, ex, in, pt, pc,
cm, mm, dd, cc, nd, nc, bp, or sp; but yours is a new one!
I'll assume that you meant to say pt, for printer's points.
To recover gracefully from this error, it's best to
delete the erroneous units; e.g., type `2' to delete
two letters. (See Chapter 27 of The TeXbook.)

<Mh1_ld345_Omega_large-cut12.pdf, id=6845, 289.08pt x 195.129pt>
File: Mh1_ld345_Omega_large-cut12.pdf Graphic file (type pdf)

<use Mh1_ld345_Omega_large-cut12.pdf>
Package pdftex.def Info: Mh1_ld345_Omega_large-cut12.pdf used on input line 239
2.
(pdftex.def)             Requested size: 204.15033pt x 137.80116pt.

<Mh1_Mh2_Omega_large-cut12.pdf, id=6846, 289.08pt x 195.129pt>
File: Mh1_Mh2_Omega_large-cut12.pdf Graphic file (type pdf)

<use Mh1_Mh2_Omega_large-cut12.pdf>
Package pdftex.def Info: Mh1_Mh2_Omega_large-cut12.pdf used on input line 2393.

(pdftex.def)             Requested size: 204.15033pt x 137.80116pt.

<Mhc_Mh2_Omega_large-cut12.pdf, id=6847, 289.08pt x 195.129pt>
File: Mhc_Mh2_Omega_large-cut12.pdf Graphic file (type pdf)

<use Mhc_Mh2_Omega_large-cut12.pdf>
Package pdftex.def Info: Mhc_Mh2_Omega_large-cut12.pdf used on input line 2394.

(pdftex.def)             Requested size: 204.15033pt x 137.80116pt.

Overfull \hbox (41.53969pt too wide) in paragraph at lines 2392--2395
[]|   []   []| []| []| [] 
 []

! Missing number, treated as zero.
<to be read again> 
                   {
l.2396 }
        \hspace*{1.2cm}\DIFaddFL{(a)}\hspace*{0.35\textwidth}\hspace*{-1.3cm...
A number should have been here; I inserted `0'.
(If you can't figure out why I needed to see a number,
look up `weird error' in the index to The TeXbook.)

! Illegal unit of measure (pt inserted).
<to be read again> 
                   {
l.2396 }
        \hspace*{1.2cm}\DIFaddFL{(a)}\hspace*{0.35\textwidth}\hspace*{-1.3cm...
Dimensions can be in units of em, ex, in, pt, pc,
cm, mm, dd, cc, nd, nc, bp, or sp; but yours is a new one!
I'll assume that you meant to say pt, for printer's points.
To recover gracefully from this error, it's best to
delete the erroneous units; e.g., type `2' to delete
two letters. (See Chapter 27 of The TeXbook.)

! Missing number, treated as zero.
<to be read again> 
                   {
l.2398 }
        {\hspace*{-0.3cm}\includegraphics[width=0.41\textwidth]{Mh1_ld345_Om...
A number should have been here; I inserted `0'.
(If you can't figure out why I needed to see a number,
look up `weird error' in the index to The TeXbook.)

! Illegal unit of measure (pt inserted).
<to be read again> 
                   {
l.2398 }
        {\hspace*{-0.3cm}\includegraphics[width=0.41\textwidth]{Mh1_ld345_Om...
Dimensions can be in units of em, ex, in, pt, pc,
cm, mm, dd, cc, nd, nc, bp, or sp; but yours is a new one!
I'll assume that you meant to say pt, for printer's points.
To recover gracefully from this error, it's best to
delete the erroneous units; e.g., type `2' to delete
two letters. (See Chapter 27 of The TeXbook.)

<Mh1_ld345_Omega_large-cut123456.pdf, id=6848, 289.08pt x 195.129pt>
File: Mh1_ld345_Omega_large-cut123456.pdf Graphic file (type pdf)

<use Mh1_ld345_Omega_large-cut123456.pdf>
Package pdftex.def Info: Mh1_ld345_Omega_large-cut123456.pdf used on input line
 2398.
(pdftex.def)             Requested size: 204.15033pt x 137.80116pt.

<Mh1_Mh2_Omega_large-cut123456.pdf, id=6849, 289.08pt x 195.129pt>
File: Mh1_Mh2_Omega_large-cut123456.pdf Graphic file (type pdf)

<use Mh1_Mh2_Omega_large-cut123456.pdf>
Package pdftex.def Info: Mh1_Mh2_Omega_large-cut123456.pdf used on input line 2
399.
(pdftex.def)             Requested size: 204.15033pt x 137.80116pt.

<Mhc_Mh2_Omega_large-cut123456.pdf, id=6850, 289.08pt x 195.129pt>
File: Mhc_Mh2_Omega_large-cut123456.pdf Graphic file (type pdf)

<use Mhc_Mh2_Omega_large-cut123456.pdf>
Package pdftex.def Info: Mhc_Mh2_Omega_large-cut123456.pdf used on input line 2
400.
(pdftex.def)             Requested size: 204.15033pt x 137.80116pt.

Overfull \hbox (37.62306pt too wide) in paragraph at lines 2398--2401
[]|   []   []| []| []| [] 
 []

! Missing number, treated as zero.
<to be read again> 
                   {
l.2402 }
        \hspace*{1.2cm}\DIFaddFL{(d)}\hspace*{0.35\textwidth}\hspace*{-1.3cm...
A number should have been here; I inserted `0'.
(If you can't figure out why I needed to see a number,
look up `weird error' in the index to The TeXbook.)

! Illegal unit of measure (pt inserted).
<to be read again> 
                   {
l.2402 }
        \hspace*{1.2cm}\DIFaddFL{(d)}\hspace*{0.35\textwidth}\hspace*{-1.3cm...
Dimensions can be in units of em, ex, in, pt, pc,
cm, mm, dd, cc, nd, nc, bp, or sp; but yours is a new one!
I'll assume that you meant to say pt, for printer's points.
To recover gracefully from this error, it's best to
delete the erroneous units; e.g., type `2' to delete
two letters. (See Chapter 27 of The TeXbook.)

! Missing number, treated as zero.
<to be read again> 
                   {
l.2404 }
        {\hspace*{-0.3cm}\includegraphics[width=0.41\textwidth]{Mh1_ld345_Om...
A number should have been here; I inserted `0'.
(If you can't figure out why I needed to see a number,
look up `weird error' in the index to The TeXbook.)

! Illegal unit of measure (pt inserted).
<to be read again> 
                   {
l.2404 }
        {\hspace*{-0.3cm}\includegraphics[width=0.41\textwidth]{Mh1_ld345_Om...
Dimensions can be in units of em, ex, in, pt, pc,
cm, mm, dd, cc, nd, nc, bp, or sp; but yours is a new one!
I'll assume that you meant to say pt, for printer's points.
To recover gracefully from this error, it's best to
delete the erroneous units; e.g., type `2' to delete
two letters. (See Chapter 27 of The TeXbook.)

<Mh1_ld345_Omega_large-cut1234567.pdf, id=6851, 289.08pt x 195.129pt>
File: Mh1_ld345_Omega_large-cut1234567.pdf Graphic file (type pdf)

<use Mh1_ld345_Omega_large-cut1234567.pdf>
Package pdftex.def Info: Mh1_ld345_Omega_large-cut1234567.pdf used on input lin
e 2404.
(pdftex.def)             Requested size: 204.15033pt x 137.80116pt.

<Mh1_Mh2_Omega_large-cut1234567.pdf, id=6852, 289.08pt x 195.129pt>
File: Mh1_Mh2_Omega_large-cut1234567.pdf Graphic file (type pdf)

<use Mh1_Mh2_Omega_large-cut1234567.pdf>
Package pdftex.def Info: Mh1_Mh2_Omega_large-cut1234567.pdf used on input line 
2405.
(pdftex.def)             Requested size: 204.15033pt x 137.80116pt.

<Mhc_Mh2_Omega_large-cut1234567.pdf, id=6853, 289.08pt x 195.129pt>
File: Mhc_Mh2_Omega_large-cut1234567.pdf Graphic file (type pdf)

<use Mhc_Mh2_Omega_large-cut1234567.pdf>
Package pdftex.def Info: Mhc_Mh2_Omega_large-cut1234567.pdf used on input line 
2406.
(pdftex.def)             Requested size: 204.15033pt x 137.80116pt.

Overfull \hbox (37.62306pt too wide) in paragraph at lines 2404--2407
[]|   []   []| []| []| [] 
 []

! Missing number, treated as zero.
<to be read again> 
                   {
l.2408 }
        \hspace*{1.2cm}\DIFaddFL{(g)}\hspace*{0.35\textwidth}\hspace*{-1.3cm...
A number should have been here; I inserted `0'.
(If you can't figure out why I needed to see a number,
look up `weird error' in the index to The TeXbook.)

! Illegal unit of measure (pt inserted).
<to be read again> 
                   {
l.2408 }
        \hspace*{1.2cm}\DIFaddFL{(g)}\hspace*{0.35\textwidth}\hspace*{-1.3cm...
Dimensions can be in units of em, ex, in, pt, pc,
cm, mm, dd, cc, nd, nc, bp, or sp; but yours is a new one!
I'll assume that you meant to say pt, for printer's points.
To recover gracefully from this error, it's best to
delete the erroneous units; e.g., type `2' to delete
two letters. (See Chapter 27 of The TeXbook.)

! Missing number, treated as zero.
<to be read again> 
                   {
l.2410 }
        {\hspace*{-0.3cm}\includegraphics[width=0.41\textwidth]{Mh1_ld345_Om...
A number should have been here; I inserted `0'.
(If you can't figure out why I needed to see a number,
look up `weird error' in the index to The TeXbook.)

! Illegal unit of measure (pt inserted).
<to be read again> 
                   {
l.2410 }
        {\hspace*{-0.3cm}\includegraphics[width=0.41\textwidth]{Mh1_ld345_Om...
Dimensions can be in units of em, ex, in, pt, pc,
cm, mm, dd, cc, nd, nc, bp, or sp; but yours is a new one!
I'll assume that you meant to say pt, for printer's points.
To recover gracefully from this error, it's best to
delete the erroneous units; e.g., type `2' to delete
two letters. (See Chapter 27 of The TeXbook.)

<Mh1_ld345_Omega_large-cut12345678.pdf, id=6854, 289.08pt x 195.129pt>
File: Mh1_ld345_Omega_large-cut12345678.pdf Graphic file (type pdf)

<use Mh1_ld345_Omega_large-cut12345678.pdf>
Package pdftex.def Info: Mh1_ld345_Omega_large-cut12345678.pdf used on input li
ne 2410.
(pdftex.def)             Requested size: 204.15033pt x 137.80116pt.

<Mh1_Mh2_Omega_large-cut12345678.pdf, id=6855, 289.08pt x 195.129pt>
File: Mh1_Mh2_Omega_large-cut12345678.pdf Graphic file (type pdf)

<use Mh1_Mh2_Omega_large-cut12345678.pdf>
Package pdftex.def Info: Mh1_Mh2_Omega_large-cut12345678.pdf used on input line
 2411.
(pdftex.def)             Requested size: 204.15033pt x 137.80116pt.

<Mhc_Mh2_Omega_large-cut12345678.pdf, id=6856, 289.08pt x 195.129pt>
File: Mhc_Mh2_Omega_large-cut12345678.pdf Graphic file (type pdf)

<use Mhc_Mh2_Omega_large-cut12345678.pdf>
Package pdftex.def Info: Mhc_Mh2_Omega_large-cut12345678.pdf used on input line
 2412.
(pdftex.def)             Requested size: 204.15033pt x 137.80116pt.

Overfull \hbox (37.62306pt too wide) in paragraph at lines 2410--2413
[]|   []   []| []| []| [] 
 []

! Missing number, treated as zero.
<to be read again> 
                   {
l.2414 }
        \hspace*{1.2cm}\DIFaddFL{(j)}\hspace*{0.35\textwidth}\hspace*{-1.3cm...
A number should have been here; I inserted `0'.
(If you can't figure out why I needed to see a number,
look up `weird error' in the index to The TeXbook.)

! Illegal unit of measure (pt inserted).
<to be read again> 
                   {
l.2414 }
        \hspace*{1.2cm}\DIFaddFL{(j)}\hspace*{0.35\textwidth}\hspace*{-1.3cm...
Dimensions can be in units of em, ex, in, pt, pc,
cm, mm, dd, cc, nd, nc, bp, or sp; but yours is a new one!
I'll assume that you meant to say pt, for printer's points.
To recover gracefully from this error, it's best to
delete the erroneous units; e.g., type `2' to delete
two letters. (See Chapter 27 of The TeXbook.)


LaTeX Warning: Float too large for page by 131.20465pt on input line 2428.

! Missing number, treated as zero.
<to be read again> 
                   {
l.2434 }
        \hspace*{-0.3cm}\includegraphics[width=0.4\textwidth]{Mh1_ld345_Omeg...
A number should have been here; I inserted `0'.
(If you can't figure out why I needed to see a number,
look up `weird error' in the index to The TeXbook.)

! Illegal unit of measure (pt inserted).
<to be read again> 
                   {
l.2434 }
        \hspace*{-0.3cm}\includegraphics[width=0.4\textwidth]{Mh1_ld345_Omeg...
Dimensions can be in units of em, ex, in, pt, pc,
cm, mm, dd, cc, nd, nc, bp, or sp; but yours is a new one!
I'll assume that you meant to say pt, for printer's points.
To recover gracefully from this error, it's best to
delete the erroneous units; e.g., type `2' to delete
two letters. (See Chapter 27 of The TeXbook.)

<Mh1_ld345_Omega_small-cut12_z.pdf, id=6871, 289.08pt x 195.129pt>
File: Mh1_ld345_Omega_small-cut12_z.pdf Graphic file (type pdf)

<use Mh1_ld345_Omega_small-cut12_z.pdf>
Package pdftex.def Info: Mh1_ld345_Omega_small-cut12_z.pdf used on input line 2
434.
(pdftex.def)             Requested size: 199.16624pt x 134.43668pt.

<Mh1_Mh2_Omega_small-cut12_z.pdf, id=6872, 289.08pt x 195.129pt>
File: Mh1_Mh2_Omega_small-cut12_z.pdf Graphic file (type pdf)

<use Mh1_Mh2_Omega_small-cut12_z.pdf>
Package pdftex.def Info: Mh1_Mh2_Omega_small-cut12_z.pdf used on input line 243
5.
(pdftex.def)             Requested size: 199.16624pt x 134.43668pt.

<Mhc_Mh2_Omega_small-cut12_z.pdf, id=6873, 289.08pt x 195.129pt>
File: Mhc_Mh2_Omega_small-cut12_z.pdf Graphic file (type pdf)

<use Mhc_Mh2_Omega_small-cut12_z.pdf>
Package pdftex.def Info: Mhc_Mh2_Omega_small-cut12_z.pdf used on input line 243
6.
(pdftex.def)             Requested size: 199.16624pt x 134.43668pt.

Overfull \hbox (39.39108pt too wide) in paragraph at lines 2434--2437
[]|   []   []| []| []| [] 
 []

! Missing number, treated as zero.
<to be read again> 
                   {
l.2438 }
        \hspace*{4.9cm}\includegraphics[width=0.55cm,height=4.cm]{blank.pdf}...
A number should have been here; I inserted `0'.
(If you can't figure out why I needed to see a number,
look up `weird error' in the index to The TeXbook.)

! Illegal unit of measure (pt inserted).
<to be read again> 
                   {
l.2438 }
        \hspace*{4.9cm}\includegraphics[width=0.55cm,height=4.cm]{blank.pdf}...
Dimensions can be in units of em, ex, in, pt, pc,
cm, mm, dd, cc, nd, nc, bp, or sp; but yours is a new one!
I'll assume that you meant to say pt, for printer's points.
To recover gracefully from this error, it's best to
delete the erroneous units; e.g., type `2' to delete
two letters. (See Chapter 27 of The TeXbook.)

<blank.pdf, id=6874, 796.9775pt x 597.23125pt>
File: blank.pdf Graphic file (type pdf)
 <use blank.pdf>
Package pdftex.def Info: blank.pdf used on input line 2438.
(pdftex.def)             Requested size: 15.63889pt x 113.80318pt.
File: blank.pdf Graphic file (type pdf)
 <use blank.pdf>
Package pdftex.def Info: blank.pdf used on input line 2439.
(pdftex.def)             Requested size: 15.63889pt x 113.80318pt.

! Missing number, treated as zero.
<to be read again> 
                   {
l.2441 }
        \hspace*{1.4cm}\DIFaddFL{(a)}\hspace*{0.35\textwidth}\hspace*{-1.4cm...
A number should have been here; I inserted `0'.
(If you can't figure out why I needed to see a number,
look up `weird error' in the index to The TeXbook.)

! Illegal unit of measure (pt inserted).
<to be read again> 
                   {
l.2441 }
        \hspace*{1.4cm}\DIFaddFL{(a)}\hspace*{0.35\textwidth}\hspace*{-1.4cm...
Dimensions can be in units of em, ex, in, pt, pc,
cm, mm, dd, cc, nd, nc, bp, or sp; but yours is a new one!
I'll assume that you meant to say pt, for printer's points.
To recover gracefully from this error, it's best to
delete the erroneous units; e.g., type `2' to delete
two letters. (See Chapter 27 of The TeXbook.)

! Missing number, treated as zero.
<to be read again> 
                   {
l.2444 }
        {\hspace*{-0.3cm}\includegraphics[width=0.4\textwidth]{Mh1_ld345_Ome...
A number should have been here; I inserted `0'.
(If you can't figure out why I needed to see a number,
look up `weird error' in the index to The TeXbook.)

! Illegal unit of measure (pt inserted).
<to be read again> 
                   {
l.2444 }
        {\hspace*{-0.3cm}\includegraphics[width=0.4\textwidth]{Mh1_ld345_Ome...
Dimensions can be in units of em, ex, in, pt, pc,
cm, mm, dd, cc, nd, nc, bp, or sp; but yours is a new one!
I'll assume that you meant to say pt, for printer's points.
To recover gracefully from this error, it's best to
delete the erroneous units; e.g., type `2' to delete
two letters. (See Chapter 27 of The TeXbook.)

<Mh1_ld345_Omega_small-cut123456_z.pdf, id=6875, 289.08pt x 195.129pt>
File: Mh1_ld345_Omega_small-cut123456_z.pdf Graphic file (type pdf)

<use Mh1_ld345_Omega_small-cut123456_z.pdf>
Package pdftex.def Info: Mh1_ld345_Omega_small-cut123456_z.pdf used on input li
ne 2444.
(pdftex.def)             Requested size: 199.16624pt x 134.43668pt.

<Mh1_Mh2_Omega_small-cut123456_z.pdf, id=6876, 289.08pt x 195.129pt>
File: Mh1_Mh2_Omega_small-cut123456_z.pdf Graphic file (type pdf)

<use Mh1_Mh2_Omega_small-cut123456_z.pdf>
Package pdftex.def Info: Mh1_Mh2_Omega_small-cut123456_z.pdf used on input line
 2445.
(pdftex.def)             Requested size: 199.16624pt x 134.43668pt.

<Mhc_Mh2_Omega_small-cut123456_z.pdf, id=6877, 289.08pt x 195.129pt>
File: Mhc_Mh2_Omega_small-cut123456_z.pdf Graphic file (type pdf)

<use Mhc_Mh2_Omega_small-cut123456_z.pdf>
Package pdftex.def Info: Mhc_Mh2_Omega_small-cut123456_z.pdf used on input line
 2446.
(pdftex.def)             Requested size: 199.16624pt x 134.43668pt.

Overfull \hbox (35.47446pt too wide) in paragraph at lines 2444--2447
[]|   []   []| []| []| [] 
 []

! Missing number, treated as zero.
<to be read again> 
                   {
l.2448 }
        \hspace*{4.9cm}\includegraphics[width=0.55cm,height=4.cm]{blank.pdf}...
A number should have been here; I inserted `0'.
(If you can't figure out why I needed to see a number,
look up `weird error' in the index to The TeXbook.)

! Illegal unit of measure (pt inserted).
<to be read again> 
                   {
l.2448 }
        \hspace*{4.9cm}\includegraphics[width=0.55cm,height=4.cm]{blank.pdf}...
Dimensions can be in units of em, ex, in, pt, pc,
cm, mm, dd, cc, nd, nc, bp, or sp; but yours is a new one!
I'll assume that you meant to say pt, for printer's points.
To recover gracefully from this error, it's best to
delete the erroneous units; e.g., type `2' to delete
two letters. (See Chapter 27 of The TeXbook.)

File: blank.pdf Graphic file (type pdf)
<use blank.pdf>
Package pdftex.def Info: blank.pdf used on input line 2448.
(pdftex.def)             Requested size: 15.63889pt x 113.80318pt.
File: blank.pdf Graphic file (type pdf)
 <use blank.pdf>
Package pdftex.def Info: blank.pdf used on input line 2449.
(pdftex.def)             Requested size: 15.63889pt x 113.80318pt.

! Missing number, treated as zero.
<to be read again> 
                   {
l.2451 }
        \hspace*{1.4cm}\DIFaddFL{(d)}\hspace*{0.35\textwidth}\hspace*{-1.4cm...
A number should have been here; I inserted `0'.
(If you can't figure out why I needed to see a number,
look up `weird error' in the index to The TeXbook.)

! Illegal unit of measure (pt inserted).
<to be read again> 
                   {
l.2451 }
        \hspace*{1.4cm}\DIFaddFL{(d)}\hspace*{0.35\textwidth}\hspace*{-1.4cm...
Dimensions can be in units of em, ex, in, pt, pc,
cm, mm, dd, cc, nd, nc, bp, or sp; but yours is a new one!
I'll assume that you meant to say pt, for printer's points.
To recover gracefully from this error, it's best to
delete the erroneous units; e.g., type `2' to delete
two letters. (See Chapter 27 of The TeXbook.)

! Missing number, treated as zero.
<to be read again> 
                   {
l.2454 }
        {\hspace*{-0.3cm}\includegraphics[width=0.4\textwidth]{Mh1_ld345_Ome...
A number should have been here; I inserted `0'.
(If you can't figure out why I needed to see a number,
look up `weird error' in the index to The TeXbook.)

! Illegal unit of measure (pt inserted).
<to be read again> 
                   {
l.2454 }
        {\hspace*{-0.3cm}\includegraphics[width=0.4\textwidth]{Mh1_ld345_Ome...
Dimensions can be in units of em, ex, in, pt, pc,
cm, mm, dd, cc, nd, nc, bp, or sp; but yours is a new one!
I'll assume that you meant to say pt, for printer's points.
To recover gracefully from this error, it's best to
delete the erroneous units; e.g., type `2' to delete
two letters. (See Chapter 27 of The TeXbook.)

<Mh1_ld345_Omega_small-cut1234567_z.pdf, id=6878, 289.08pt x 195.129pt>
File: Mh1_ld345_Omega_small-cut1234567_z.pdf Graphic file (type pdf)

<use Mh1_ld345_Omega_small-cut1234567_z.pdf>
Package pdftex.def Info: Mh1_ld345_Omega_small-cut1234567_z.pdf used on input l
ine 2454.
(pdftex.def)             Requested size: 199.16624pt x 134.43668pt.

<Mh1_Mh2_Omega_small-cut1234567_z.pdf, id=6879, 289.08pt x 195.129pt>
File: Mh1_Mh2_Omega_small-cut1234567_z.pdf Graphic file (type pdf)

<use Mh1_Mh2_Omega_small-cut1234567_z.pdf>
Package pdftex.def Info: Mh1_Mh2_Omega_small-cut1234567_z.pdf used on input lin
e 2455.
(pdftex.def)             Requested size: 199.16624pt x 134.43668pt.

<Mhc_Mh2_Omega_small-cut1234567_z.pdf, id=6880, 289.08pt x 195.129pt>
File: Mhc_Mh2_Omega_small-cut1234567_z.pdf Graphic file (type pdf)

<use Mhc_Mh2_Omega_small-cut1234567_z.pdf>
Package pdftex.def Info: Mhc_Mh2_Omega_small-cut1234567_z.pdf used on input lin
e 2456.
(pdftex.def)             Requested size: 199.16624pt x 134.43668pt.

Overfull \hbox (35.47446pt too wide) in paragraph at lines 2454--2457
[]|   []   []| []| []| [] 
 []

! Missing number, treated as zero.
<to be read again> 
                   {
l.2458 }
        \hspace*{4.9cm}\includegraphics[width=0.55cm,height=4.cm]{blank.pdf}...
A number should have been here; I inserted `0'.
(If you can't figure out why I needed to see a number,
look up `weird error' in the index to The TeXbook.)

! Illegal unit of measure (pt inserted).
<to be read again> 
                   {
l.2458 }
        \hspace*{4.9cm}\includegraphics[width=0.55cm,height=4.cm]{blank.pdf}...
Dimensions can be in units of em, ex, in, pt, pc,
cm, mm, dd, cc, nd, nc, bp, or sp; but yours is a new one!
I'll assume that you meant to say pt, for printer's points.
To recover gracefully from this error, it's best to
delete the erroneous units; e.g., type `2' to delete
two letters. (See Chapter 27 of The TeXbook.)

File: blank.pdf Graphic file (type pdf)
<use blank.pdf>
Package pdftex.def Info: blank.pdf used on input line 2458.
(pdftex.def)             Requested size: 15.63889pt x 113.80318pt.
File: blank.pdf Graphic file (type pdf)
 <use blank.pdf>
Package pdftex.def Info: blank.pdf used on input line 2459.
(pdftex.def)             Requested size: 15.63889pt x 113.80318pt.

! Missing number, treated as zero.
<to be read again> 
                   {
l.2461 }
        \hspace*{1.4cm}\DIFaddFL{(g)}\hspace*{0.35\textwidth}\hspace*{-1.5cm...
A number should have been here; I inserted `0'.
(If you can't figure out why I needed to see a number,
look up `weird error' in the index to The TeXbook.)

! Illegal unit of measure (pt inserted).
<to be read again> 
                   {
l.2461 }
        \hspace*{1.4cm}\DIFaddFL{(g)}\hspace*{0.35\textwidth}\hspace*{-1.5cm...
Dimensions can be in units of em, ex, in, pt, pc,
cm, mm, dd, cc, nd, nc, bp, or sp; but yours is a new one!
I'll assume that you meant to say pt, for printer's points.
To recover gracefully from this error, it's best to
delete the erroneous units; e.g., type `2' to delete
two letters. (See Chapter 27 of The TeXbook.)

! Missing number, treated as zero.
<to be read again> 
                   {
l.2463 }
        {\hspace*{-0.3cm}\includegraphics[width=0.4\textwidth]{Mh1_ld345_Ome...
A number should have been here; I inserted `0'.
(If you can't figure out why I needed to see a number,
look up `weird error' in the index to The TeXbook.)

! Illegal unit of measure (pt inserted).
<to be read again> 
                   {
l.2463 }
        {\hspace*{-0.3cm}\includegraphics[width=0.4\textwidth]{Mh1_ld345_Ome...
Dimensions can be in units of em, ex, in, pt, pc,
cm, mm, dd, cc, nd, nc, bp, or sp; but yours is a new one!
I'll assume that you meant to say pt, for printer's points.
To recover gracefully from this error, it's best to
delete the erroneous units; e.g., type `2' to delete
two letters. (See Chapter 27 of The TeXbook.)

<Mh1_ld345_Omega_small-cut12345678_z.pdf, id=6881, 289.08pt x 195.129pt>
File: Mh1_ld345_Omega_small-cut12345678_z.pdf Graphic file (type pdf)

<use Mh1_ld345_Omega_small-cut12345678_z.pdf>
Package pdftex.def Info: Mh1_ld345_Omega_small-cut12345678_z.pdf used on input 
line 2463.
(pdftex.def)             Requested size: 199.16624pt x 134.43668pt.

<Mh1_Mh2_Omega_small-cut12345678_z.pdf, id=6882, 289.08pt x 195.129pt>
File: Mh1_Mh2_Omega_small-cut12345678_z.pdf Graphic file (type pdf)

<use Mh1_Mh2_Omega_small-cut12345678_z.pdf>
Package pdftex.def Info: Mh1_Mh2_Omega_small-cut12345678_z.pdf used on input li
ne 2464.
(pdftex.def)             Requested size: 199.16624pt x 134.43668pt.

<Mhc_Mh2_Omega_small-cut12345678_z.pdf, id=6883, 289.08pt x 195.129pt>
File: Mhc_Mh2_Omega_small-cut12345678_z.pdf Graphic file (type pdf)

<use Mhc_Mh2_Omega_small-cut12345678_z.pdf>
Package pdftex.def Info: Mhc_Mh2_Omega_small-cut12345678_z.pdf used on input li
ne 2465.
(pdftex.def)             Requested size: 199.16624pt x 134.43668pt.

Overfull \hbox (35.47446pt too wide) in paragraph at lines 2463--2466
[]|   []   []| []| []| [] 
 []

! Missing number, treated as zero.
<to be read again> 
                   {
l.2467 }
        \hspace*{4.9cm}\includegraphics[width=0.55cm,height=4.cm]{blank.pdf}...
A number should have been here; I inserted `0'.
(If you can't figure out why I needed to see a number,
look up `weird error' in the index to The TeXbook.)

! Illegal unit of measure (pt inserted).
<to be read again> 
                   {
l.2467 }
        \hspace*{4.9cm}\includegraphics[width=0.55cm,height=4.cm]{blank.pdf}...
Dimensions can be in units of em, ex, in, pt, pc,
cm, mm, dd, cc, nd, nc, bp, or sp; but yours is a new one!
I'll assume that you meant to say pt, for printer's points.
To recover gracefully from this error, it's best to
delete the erroneous units; e.g., type `2' to delete
two letters. (See Chapter 27 of The TeXbook.)

File: blank.pdf Graphic file (type pdf)
<use blank.pdf>
Package pdftex.def Info: blank.pdf used on input line 2467.
(pdftex.def)             Requested size: 15.63889pt x 113.80318pt.
File: blank.pdf Graphic file (type pdf)
 <use blank.pdf>
Package pdftex.def Info: blank.pdf used on input line 2468.
(pdftex.def)             Requested size: 15.63889pt x 113.80318pt.

! Missing number, treated as zero.
<to be read again> 
                   {
l.2470 }
        \hspace*{1.4cm}\DIFaddFL{(j)}\hspace*{0.35\textwidth}\hspace*{-1.5cm...
A number should have been here; I inserted `0'.
(If you can't figure out why I needed to see a number,
look up `weird error' in the index to The TeXbook.)

! Illegal unit of measure (pt inserted).
<to be read again> 
                   {
l.2470 }
        \hspace*{1.4cm}\DIFaddFL{(j)}\hspace*{0.35\textwidth}\hspace*{-1.5cm...
Dimensions can be in units of em, ex, in, pt, pc,
cm, mm, dd, cc, nd, nc, bp, or sp; but yours is a new one!
I'll assume that you meant to say pt, for printer's points.
To recover gracefully from this error, it's best to
delete the erroneous units; e.g., type `2' to delete
two letters. (See Chapter 27 of The TeXbook.)


LaTeX Warning: Float too large for page by 576.45941pt on input line 2474.

[44]
Overfull \hbox (17.46141pt too wide) in paragraph at lines 2526--2549
[]|   []   |   []   |   []   |   []   |   []   |   []   |   []   |   []   |   [
]   |   []   |   []   |   []   |   []   |   []   |   []   |   []
 []

[45]
<Mh1_ld345_Omega_zoom-cut123456789_zz-large-monoc.pdf, id=6958, 361.35pt x 240.
65909pt>
File: Mh1_ld345_Omega_zoom-cut123456789_zz-large-monoc.pdf Graphic file (type p
df)
 <use Mh1_ld345_Omega_zoom-cut123456789_zz-large-monoc.pdf>
Package pdftex.def Info: Mh1_ld345_Omega_zoom-cut123456789_zz-large-monoc.pdf u
sed on input line 2628.
(pdftex.def)             Requested size: 248.96161pt x 165.8089pt.

<Mh1_Mh2_Omega_zoom-cut123456789_zz-large-monoc.pdf, id=6959, 361.35pt x 240.65
909pt>
File: Mh1_Mh2_Omega_zoom-cut123456789_zz-large-monoc.pdf Graphic file (type pdf
)
 <use Mh1_Mh2_Omega_zoom-cut123456789_zz-large-monoc.pdf>
Package pdftex.def Info: Mh1_Mh2_Omega_zoom-cut123456789_zz-large-monoc.pdf use
d on input line 2629.
(pdftex.def)             Requested size: 248.96161pt x 165.8089pt.

! Missing number, treated as zero.
<to be read again> 
                   {
l.2631 }
        \hspace*{1cm}\DIFaddFL{(a)}\hspace*{0.55\textwidth}\hspace*{-1.5cm}\...
A number should have been here; I inserted `0'.
(If you can't figure out why I needed to see a number,
look up `weird error' in the index to The TeXbook.)

! Illegal unit of measure (pt inserted).
<to be read again> 
                   {
l.2631 }
        \hspace*{1cm}\DIFaddFL{(a)}\hspace*{0.55\textwidth}\hspace*{-1.5cm}\...
Dimensions can be in units of em, ex, in, pt, pc,
cm, mm, dd, cc, nd, nc, bp, or sp; but yours is a new one!
I'll assume that you meant to say pt, for printer's points.
To recover gracefully from this error, it's best to
delete the erroneous units; e.g., type `2' to delete
two letters. (See Chapter 27 of The TeXbook.)


<Mh1_Mhc_Omega_zoom-cut123456789_zz-large-monoc.pdf, id=6960, 361.35pt x 240.65
909pt>
File: Mh1_Mhc_Omega_zoom-cut123456789_zz-large-monoc.pdf Graphic file (type pdf
)
 <use Mh1_Mhc_Omega_zoom-cut123456789_zz-large-monoc.pdf>
Package pdftex.def Info: Mh1_Mhc_Omega_zoom-cut123456789_zz-large-monoc.pdf use
d on input line 2634.
(pdftex.def)             Requested size: 248.96161pt x 165.8089pt.

<Mhc_Mh2_Omega_zoom-cut123456789_zz-large-monoc.pdf, id=6961, 361.35pt x 240.65
909pt>
File: Mhc_Mh2_Omega_zoom-cut123456789_zz-large-monoc.pdf Graphic file (type pdf
)
 <use Mhc_Mh2_Omega_zoom-cut123456789_zz-large-monoc.pdf>
Package pdftex.def Info: Mhc_Mh2_Omega_zoom-cut123456789_zz-large-monoc.pdf use
d on input line 2635.
(pdftex.def)             Requested size: 248.96161pt x 165.8089pt.

Underfull \hbox (badness 10000) in paragraph at lines 2631--2636

 []

! Missing number, treated as zero.
<to be read again> 
                   {
l.2637 }
        \hspace*{1cm}\DIFaddFL{(c)}\hspace*{0.55\textwidth}\hspace*{-1.5cm}\...
A number should have been here; I inserted `0'.
(If you can't figure out why I needed to see a number,
look up `weird error' in the index to The TeXbook.)

! Illegal unit of measure (pt inserted).
<to be read again> 
                   {
l.2637 }
        \hspace*{1cm}\DIFaddFL{(c)}\hspace*{0.55\textwidth}\hspace*{-1.5cm}\...
Dimensions can be in units of em, ex, in, pt, pc,
cm, mm, dd, cc, nd, nc, bp, or sp; but yours is a new one!
I'll assume that you meant to say pt, for printer's points.
To recover gracefully from this error, it's best to
delete the erroneous units; e.g., type `2' to delete
two letters. (See Chapter 27 of The TeXbook.)


<Mh1_ld345_Omega_zoom-cut123456789_zz-monoc.pdf, id=6968, 361.35pt x 240.65909p
t>
File: Mh1_ld345_Omega_zoom-cut123456789_zz-monoc.pdf Graphic file (type pdf)
 <use Mh1_ld345_Omega_zoom-cut123456789_zz-monoc.pdf>
Package pdftex.def Info: Mh1_ld345_Omega_zoom-cut123456789_zz-monoc.pdf used on
 input line 2646.
(pdftex.def)             Requested size: 248.96161pt x 165.8089pt.

<Mh1_Mh2_Omega_zoom-cut123456789_zz-monoc.pdf, id=6969, 361.35pt x 240.65909pt>
File: Mh1_Mh2_Omega_zoom-cut123456789_zz-monoc.pdf Graphic file (type pdf)
<use Mh1_Mh2_Omega_zoom-cut123456789_zz-monoc.pdf>
Package pdftex.def Info: Mh1_Mh2_Omega_zoom-cut123456789_zz-monoc.pdf used on i
nput line 2647.
(pdftex.def)             Requested size: 248.96161pt x 165.8089pt.

! Missing number, treated as zero.
<to be read again> 
                   {
l.2649 }
        \hspace*{1cm}\DIFaddFL{(a)}\hspace*{0.55\textwidth}\hspace*{-1.5cm}\...
A number should have been here; I inserted `0'.
(If you can't figure out why I needed to see a number,
look up `weird error' in the index to The TeXbook.)

! Illegal unit of measure (pt inserted).
<to be read again> 
                   {
l.2649 }
        \hspace*{1cm}\DIFaddFL{(a)}\hspace*{0.55\textwidth}\hspace*{-1.5cm}\...
Dimensions can be in units of em, ex, in, pt, pc,
cm, mm, dd, cc, nd, nc, bp, or sp; but yours is a new one!
I'll assume that you meant to say pt, for printer's points.
To recover gracefully from this error, it's best to
delete the erroneous units; e.g., type `2' to delete
two letters. (See Chapter 27 of The TeXbook.)


<Mh1_Mhc_Omega_zoom-cut123456789_zz-monoc.pdf, id=6970, 361.35pt x 240.65909pt>
File: Mh1_Mhc_Omega_zoom-cut123456789_zz-monoc.pdf Graphic file (type pdf)
<use Mh1_Mhc_Omega_zoom-cut123456789_zz-monoc.pdf>
Package pdftex.def Info: Mh1_Mhc_Omega_zoom-cut123456789_zz-monoc.pdf used on i
nput line 2652.
(pdftex.def)             Requested size: 248.96161pt x 165.8089pt.

<Mhc_Mh2_Omega_zoom-cut123456789_zz-monoc.pdf, id=6971, 361.35pt x 240.65909pt>
File: Mhc_Mh2_Omega_zoom-cut123456789_zz-monoc.pdf Graphic file (type pdf)
<use Mhc_Mh2_Omega_zoom-cut123456789_zz-monoc.pdf>
Package pdftex.def Info: Mhc_Mh2_Omega_zoom-cut123456789_zz-monoc.pdf used on i
nput line 2653.
(pdftex.def)             Requested size: 248.96161pt x 165.8089pt.

Underfull \hbox (badness 10000) in paragraph at lines 2649--2654

 []

! Missing number, treated as zero.
<to be read again> 
                   {
l.2655 }
        \hspace*{1cm}\DIFaddFL{(c)}\hspace*{0.55\textwidth}\hspace*{-1.5cm}\...
A number should have been here; I inserted `0'.
(If you can't figure out why I needed to see a number,
look up `weird error' in the index to The TeXbook.)

! Illegal unit of measure (pt inserted).
<to be read again> 
                   {
l.2655 }
        \hspace*{1cm}\DIFaddFL{(c)}\hspace*{0.55\textwidth}\hspace*{-1.5cm}\...
Dimensions can be in units of em, ex, in, pt, pc,
cm, mm, dd, cc, nd, nc, bp, or sp; but yours is a new one!
I'll assume that you meant to say pt, for printer's points.
To recover gracefully from this error, it's best to
delete the erroneous units; e.g., type `2' to delete
two letters. (See Chapter 27 of The TeXbook.)

(./diff1.bbl [46] [47] [48] [49] [50] [51] [52] [53])
Package atveryend Info: Empty hook `BeforeClearDocument' on input line 2682.
 [54] [55 <./Mh1_ld345_Omega_large-cut12.pdf> <./Mh1_Mh2_Omega_large-cut12.pdf

pdfTeX warning: pdflatex (file ./Mh1_Mh2_Omega_large-cut12.pdf): PDF inclusion:
 multiple pdfs with page group included in a single page
> <./Mhc_Mh2_Omega_large-cut12.pdf

pdfTeX warning: pdflatex (file ./Mhc_Mh2_Omega_large-cut12.pdf): PDF inclusion:
 multiple pdfs with page group included in a single page
> <./Mh1_ld345_Omega_large-cut123456.pdf

pdfTeX warning: pdflatex (file ./Mh1_ld345_Omega_large-cut123456.pdf): PDF incl
usion: multiple pdfs with page group included in a single page
> <./Mh1_Mh2_Omega_large-cut123456.pdf

pdfTeX warning: pdflatex (file ./Mh1_Mh2_Omega_large-cut123456.pdf): PDF inclus
ion: multiple pdfs with page group included in a single page
> <./Mhc_Mh2_Omega_large-cut123456.pdf

pdfTeX warning: pdflatex (file ./Mhc_Mh2_Omega_large-cut123456.pdf): PDF inclus
ion: multiple pdfs with page group included in a single page
> <./Mh1_ld345_Omega_large-cut1234567.pdf

pdfTeX warning: pdflatex (file ./Mh1_ld345_Omega_large-cut1234567.pdf): PDF inc
lusion: multiple pdfs with page group included in a single page
> <./Mh1_Mh2_Omega_large-cut1234567.pdf

pdfTeX warning: pdflatex (file ./Mh1_Mh2_Omega_large-cut1234567.pdf): PDF inclu
sion: multiple pdfs with page group included in a single page
> <./Mhc_Mh2_Omega_large-cut1234567.pdf

pdfTeX warning: pdflatex (file ./Mhc_Mh2_Omega_large-cut1234567.pdf): PDF inclu
sion: multiple pdfs with page group included in a single page
> <./Mh1_ld345_Omega_large-cut12345678.pdf

pdfTeX warning: pdflatex (file ./Mh1_ld345_Omega_large-cut12345678.pdf): PDF in
clusion: multiple pdfs with page group included in a single page
> <./Mh1_Mh2_Omega_large-cut12345678.pdf

pdfTeX warning: pdflatex (file ./Mh1_Mh2_Omega_large-cut12345678.pdf): PDF incl
usion: multiple pdfs with page group included in a single page
> <./Mhc_Mh2_Omega_large-cut12345678.pdf

pdfTeX warning: pdflatex (file ./Mhc_Mh2_Omega_large-cut12345678.pdf): PDF incl
usion: multiple pdfs with page group included in a single page
>] [56 <./Mh1_ld345_Omega_small-cut12_z.pdf> <./Mh1_Mh2_Omega_small-cut12_z.pdf


pdfTeX warning: pdflatex (file ./Mh1_Mh2_Omega_small-cut12_z.pdf): PDF inclusio
n: multiple pdfs with page group included in a single page
> <./Mhc_Mh2_Omega_small-cut12_z.pdf

pdfTeX warning: pdflatex (file ./Mhc_Mh2_Omega_small-cut12_z.pdf): PDF inclusio
n: multiple pdfs with page group included in a single page
> <./blank.pdf> <./Mh1_ld345_Omega_small-cut123456_z.pdf

pdfTeX warning: pdflatex (file ./Mh1_ld345_Omega_small-cut123456_z.pdf): PDF in
clusion: multiple pdfs with page group included in a single page
> <./Mh1_Mh2_Omega_small-cut123456_z.pdf

pdfTeX warning: pdflatex (file ./Mh1_Mh2_Omega_small-cut123456_z.pdf): PDF incl
usion: multiple pdfs with page group included in a single page
> <./Mhc_Mh2_Omega_small-cut123456_z.pdf

pdfTeX warning: pdflatex (file ./Mhc_Mh2_Omega_small-cut123456_z.pdf): PDF incl
usion: multiple pdfs with page group included in a single page
> <./Mh1_ld345_Omega_small-cut1234567_z.pdf

pdfTeX warning: pdflatex (file ./Mh1_ld345_Omega_small-cut1234567_z.pdf): PDF i
nclusion: multiple pdfs with page group included in a single page
> <./Mh1_Mh2_Omega_small-cut1234567_z.pdf

pdfTeX warning: pdflatex (file ./Mh1_Mh2_Omega_small-cut1234567_z.pdf): PDF inc
lusion: multiple pdfs with page group included in a single page
> <./Mhc_Mh2_Omega_small-cut1234567_z.pdf

pdfTeX warning: pdflatex (file ./Mhc_Mh2_Omega_small-cut1234567_z.pdf): PDF inc
lusion: multiple pdfs with page group included in a single page
> <./Mh1_ld345_Omega_small-cut12345678_z.pdf

pdfTeX warning: pdflatex (file ./Mh1_ld345_Omega_small-cut12345678_z.pdf): PDF 
inclusion: multiple pdfs with page group included in a single page
> <./Mh1_Mh2_Omega_small-cut12345678_z.pdf

pdfTeX warning: pdflatex (file ./Mh1_Mh2_Omega_small-cut12345678_z.pdf): PDF in
clusion: multiple pdfs with page group included in a single page
> <./Mhc_Mh2_Omega_small-cut12345678_z.pdf

pdfTeX warning: pdflatex (file ./Mhc_Mh2_Omega_small-cut12345678_z.pdf): PDF in
clusion: multiple pdfs with page group included in a single page
>] [57 <./Mh1_ld345_Omega_zoom-cut123456789_zz-large-monoc.pdf> <./Mh1_Mh2_Omeg
a_zoom-cut123456789_zz-large-monoc.pdf

pdfTeX warning: pdflatex (file ./Mh1_Mh2_Omega_zoom-cut123456789_zz-large-monoc
.pdf): PDF inclusion: multiple pdfs with page group included in a single page
> <./Mh1_Mhc_Omega_zoom-cut123456789_zz-large-monoc.pdf

pdfTeX warning: pdflatex (file ./Mh1_Mhc_Omega_zoom-cut123456789_zz-large-monoc
.pdf): PDF inclusion: multiple pdfs with page group included in a single page
> <./Mhc_Mh2_Omega_zoom-cut123456789_zz-large-monoc.pdf

pdfTeX warning: pdflatex (file ./Mhc_Mh2_Omega_zoom-cut123456789_zz-large-monoc
.pdf): PDF inclusion: multiple pdfs with page group included in a single page
>] [58 <./Mh1_ld345_Omega_zoom-cut123456789_zz-monoc.pdf> <./Mh1_Mh2_Omega_zoom
-cut123456789_zz-monoc.pdf

pdfTeX warning: pdflatex (file ./Mh1_Mh2_Omega_zoom-cut123456789_zz-monoc.pdf):
 PDF inclusion: multiple pdfs with page group included in a single page
> <./Mh1_Mhc_Omega_zoom-cut123456789_zz-monoc.pdf

pdfTeX warning: pdflatex (file ./Mh1_Mhc_Omega_zoom-cut123456789_zz-monoc.pdf):
 PDF inclusion: multiple pdfs with page group included in a single page
> <./Mhc_Mh2_Omega_zoom-cut123456789_zz-monoc.pdf

pdfTeX warning: pdflatex (file ./Mhc_Mh2_Omega_zoom-cut123456789_zz-monoc.pdf):
 PDF inclusion: multiple pdfs with page group included in a single page
>]
Package atveryend Info: Empty hook `AfterLastShipout' on input line 2682.
 (./diff1.aux)
Package atveryend Info: Executing hook `AtVeryEndDocument' on input line 2682.
Package atveryend Info: Executing hook `AtEndAfterFileList' on input line 2682.

Package rerunfilecheck Info: File `diff1.out' has not changed.
(rerunfilecheck)             Checksum: 539888CA6A238C102166DD2BBF74C789;2908.


LaTeX Warning: There were multiply-defined labels.

Package atveryend Info: Empty hook `AtVeryVeryEnd' on input line 2682.
 ) 
Here is how much of TeX's memory you used:
 7930 strings out of 494820
 117947 string characters out of 3178049
 326614 words of memory out of 3000000
 10650 multiletter control sequences out of 15000+200000
 20296 words of font info for 79 fonts, out of 3000000 for 9000
 198 hyphenation exceptions out of 8191
 29i,11n,35p,1413b,450s stack positions out of 5000i,500n,10000p,200000b,50000s
</usr/share/texlive/texmf-dist/fonts/type1/public/amsfonts/cm/cmbx10.pfb></us
r/share/texlive/texmf-dist/fonts/type1/public/amsfonts/cm/cmbx12.pfb></usr/shar
e/texlive/texmf-dist/fonts/type1/public/amsfonts/cm/cmbxti10.pfb></usr/share/te
xlive/texmf-dist/fonts/type1/public/amsfonts/cm/cmex10.pfb></usr/share/texlive/
texmf-dist/fonts/type1/public/amsfonts/cm/cmmi10.pfb></usr/share/texlive/texmf-
dist/fonts/type1/public/amsfonts/cm/cmmi12.pfb></usr/share/texlive/texmf-dist/f
onts/type1/public/amsfonts/cm/cmmi6.pfb></usr/share/texlive/texmf-dist/fonts/ty
pe1/public/amsfonts/cm/cmmi7.pfb></usr/share/texlive/texmf-dist/fonts/type1/pub
lic/amsfonts/cm/cmmi8.pfb></usr/share/texlive/texmf-dist/fonts/type1/public/ams
fonts/cm/cmr10.pfb></usr/share/texlive/texmf-dist/fonts/type1/public/amsfonts/c
m/cmr12.pfb></usr/share/texlive/texmf-dist/fonts/type1/public/amsfonts/cm/cmr17
.pfb></usr/share/texlive/texmf-dist/fonts/type1/public/amsfonts/cm/cmr5.pfb></u
sr/share/texlive/texmf-dist/fonts/type1/public/amsfonts/cm/cmr6.pfb></usr/share
/texlive/texmf-dist/fonts/type1/public/amsfonts/cm/cmr7.pfb></usr/share/texlive
/texmf-dist/fonts/type1/public/amsfonts/cm/cmr8.pfb></usr/share/texlive/texmf-d
ist/fonts/type1/public/amsfonts/cm/cmsy10.pfb></usr/share/texlive/texmf-dist/fo
nts/type1/public/amsfonts/cm/cmsy5.pfb></usr/share/texlive/texmf-dist/fonts/typ
e1/public/amsfonts/cm/cmsy6.pfb></usr/share/texlive/texmf-dist/fonts/type1/publ
ic/amsfonts/cm/cmsy8.pfb></usr/share/texlive/texmf-dist/fonts/type1/public/amsf
onts/cm/cmti12.pfb></usr/share/texlive/texmf-dist/fonts/type1/public/amsfonts/c
m/cmtt12.pfb></usr/share/texlive/texmf-dist/fonts/type1/public/amsfonts/latxfon
t/lasy6.pfb></usr/share/texlive/texmf-dist/fonts/type1/public/amsfonts/symbols/
msam10.pfb>
Output written on diff1.pdf (58 pages, 7682189 bytes).
PDF statistics:
 14986 PDF objects out of 15390 (max. 8388607)
 2565 compressed objects within 26 object streams
 282 named destinations out of 1000 (max. 500000)
 744 words of extra memory for PDF output out of 10000 (max. 10000000)

